;  LST file generated by mikroListExporter - v.2.0 
; Date/Time: 22/10/2013 09:00:02 ã
;----------------------------------------------

;Address Opcode 	ASM
0x0000	0x2A17      	GOTO       535
_Delay_1us:
;__Lib_Delays.c,7 :: 		void Delay_1us() {
;__Lib_Delays.c,8 :: 		Delay_us(1);
0x0003	0x0000      	NOP
0x0004	0x0000      	NOP
;__Lib_Delays.c,9 :: 		}
L_end_Delay_1us:
0x0005	0x0008      	RETURN
; end of _Delay_1us
_Delay_50us:
;__Lib_Delays.c,19 :: 		void Delay_50us() {
;__Lib_Delays.c,20 :: 		Delay_us(50);
0x0006	0x3021      	MOVLW      33
0x0007	0x1283      	BCF        STATUS, 5
0x0008	0x1303      	BCF        STATUS, 6
0x0009	0x00FD      	MOVWF      R13
L_Delay_50us2:
0x000A	0x0BFD      	DECFSZ     R13, 1
0x000B	0x280A      	GOTO       L_Delay_50us2
;__Lib_Delays.c,21 :: 		}
L_end_Delay_50us:
0x000C	0x0008      	RETURN
; end of _Delay_50us
_Delay_5500us:
;__Lib_Delays.c,31 :: 		void Delay_5500us() {
;__Lib_Delays.c,32 :: 		Delay_us(5500);
0x000D	0x300F      	MOVLW      15
0x000E	0x1283      	BCF        STATUS, 5
0x000F	0x1303      	BCF        STATUS, 6
0x0010	0x00FC      	MOVWF      R12
0x0011	0x3047      	MOVLW      71
0x0012	0x00FD      	MOVWF      R13
L_Delay_5500us5:
0x0013	0x0BFD      	DECFSZ     R13, 1
0x0014	0x2813      	GOTO       L_Delay_5500us5
0x0015	0x0BFC      	DECFSZ     R12, 1
0x0016	0x2813      	GOTO       L_Delay_5500us5
0x0017	0x0000      	NOP
0x0018	0x0000      	NOP
;__Lib_Delays.c,33 :: 		}
L_end_Delay_5500us:
0x0019	0x0008      	RETURN
; end of _Delay_5500us
_Lcd_Cmd:
;__Lib_Lcd.c,18 :: 		
;__Lib_Lcd.c,20 :: 		
0x001A	0x1683      	BSF        STATUS, 5
0x001B	0x1303      	BCF        STATUS, 6
0x001C	0x1BA6      	BTFSC      FARG_Lcd_Cmd_out_char, 7
0x001D	0x2821      	GOTO       L__Lcd_Cmd21
0x001E	0x1283      	BCF        STATUS, 5
0x001F	0x1186      	BCF        LCD_D7, BitPos(LCD_D7+0)
0x0020	0x2823      	GOTO       L__Lcd_Cmd22
L__Lcd_Cmd21:
0x0021	0x1283      	BCF        STATUS, 5
0x0022	0x1586      	BSF        LCD_D7, BitPos(LCD_D7+0)
L__Lcd_Cmd22:
;__Lib_Lcd.c,21 :: 		
0x0023	0x1683      	BSF        STATUS, 5
0x0024	0x1B26      	BTFSC      FARG_Lcd_Cmd_out_char, 6
0x0025	0x2829      	GOTO       L__Lcd_Cmd23
0x0026	0x1283      	BCF        STATUS, 5
0x0027	0x1106      	BCF        LCD_D6, BitPos(LCD_D6+0)
0x0028	0x282B      	GOTO       L__Lcd_Cmd24
L__Lcd_Cmd23:
0x0029	0x1283      	BCF        STATUS, 5
0x002A	0x1506      	BSF        LCD_D6, BitPos(LCD_D6+0)
L__Lcd_Cmd24:
;__Lib_Lcd.c,22 :: 		
0x002B	0x1683      	BSF        STATUS, 5
0x002C	0x1AA6      	BTFSC      FARG_Lcd_Cmd_out_char, 5
0x002D	0x2831      	GOTO       L__Lcd_Cmd25
0x002E	0x1283      	BCF        STATUS, 5
0x002F	0x1086      	BCF        LCD_D5, BitPos(LCD_D5+0)
0x0030	0x2833      	GOTO       L__Lcd_Cmd26
L__Lcd_Cmd25:
0x0031	0x1283      	BCF        STATUS, 5
0x0032	0x1486      	BSF        LCD_D5, BitPos(LCD_D5+0)
L__Lcd_Cmd26:
;__Lib_Lcd.c,23 :: 		
0x0033	0x1683      	BSF        STATUS, 5
0x0034	0x1A26      	BTFSC      FARG_Lcd_Cmd_out_char, 4
0x0035	0x2839      	GOTO       L__Lcd_Cmd27
0x0036	0x1283      	BCF        STATUS, 5
0x0037	0x1006      	BCF        LCD_D4, BitPos(LCD_D4+0)
0x0038	0x283B      	GOTO       L__Lcd_Cmd28
L__Lcd_Cmd27:
0x0039	0x1283      	BCF        STATUS, 5
0x003A	0x1406      	BSF        LCD_D4, BitPos(LCD_D4+0)
L__Lcd_Cmd28:
;__Lib_Lcd.c,25 :: 		
0x003B	0x186A      	BTFSC      __Lib_Lcd_cmd_status, BitPos(__Lib_Lcd_cmd_status+0)
0x003C	0x283F      	GOTO       L__Lcd_Cmd29
0x003D	0x1606      	BSF        LCD_RS, BitPos(LCD_RS+0)
0x003E	0x2840      	GOTO       L__Lcd_Cmd30
L__Lcd_Cmd29:
0x003F	0x1206      	BCF        LCD_RS, BitPos(LCD_RS+0)
L__Lcd_Cmd30:
;__Lib_Lcd.c,28 :: 		
0x0040	0x1686      	BSF        LCD_EN, BitPos(LCD_EN+0)
;__Lib_Lcd.c,29 :: 		
0x0041	0x2003      	CALL       _Delay_1us
;__Lib_Lcd.c,30 :: 		
0x0042	0x1286      	BCF        LCD_EN, BitPos(LCD_EN+0)
;__Lib_Lcd.c,33 :: 		
0x0043	0x1683      	BSF        STATUS, 5
0x0044	0x19A6      	BTFSC      FARG_Lcd_Cmd_out_char, 3
0x0045	0x2849      	GOTO       L__Lcd_Cmd31
0x0046	0x1283      	BCF        STATUS, 5
0x0047	0x1186      	BCF        LCD_D7, BitPos(LCD_D7+0)
0x0048	0x284B      	GOTO       L__Lcd_Cmd32
L__Lcd_Cmd31:
0x0049	0x1283      	BCF        STATUS, 5
0x004A	0x1586      	BSF        LCD_D7, BitPos(LCD_D7+0)
L__Lcd_Cmd32:
;__Lib_Lcd.c,34 :: 		
0x004B	0x1683      	BSF        STATUS, 5
0x004C	0x1926      	BTFSC      FARG_Lcd_Cmd_out_char, 2
0x004D	0x2851      	GOTO       L__Lcd_Cmd33
0x004E	0x1283      	BCF        STATUS, 5
0x004F	0x1106      	BCF        LCD_D6, BitPos(LCD_D6+0)
0x0050	0x2853      	GOTO       L__Lcd_Cmd34
L__Lcd_Cmd33:
0x0051	0x1283      	BCF        STATUS, 5
0x0052	0x1506      	BSF        LCD_D6, BitPos(LCD_D6+0)
L__Lcd_Cmd34:
;__Lib_Lcd.c,35 :: 		
0x0053	0x1683      	BSF        STATUS, 5
0x0054	0x18A6      	BTFSC      FARG_Lcd_Cmd_out_char, 1
0x0055	0x2859      	GOTO       L__Lcd_Cmd35
0x0056	0x1283      	BCF        STATUS, 5
0x0057	0x1086      	BCF        LCD_D5, BitPos(LCD_D5+0)
0x0058	0x285B      	GOTO       L__Lcd_Cmd36
L__Lcd_Cmd35:
0x0059	0x1283      	BCF        STATUS, 5
0x005A	0x1486      	BSF        LCD_D5, BitPos(LCD_D5+0)
L__Lcd_Cmd36:
;__Lib_Lcd.c,36 :: 		
0x005B	0x1683      	BSF        STATUS, 5
0x005C	0x1826      	BTFSC      FARG_Lcd_Cmd_out_char, 0
0x005D	0x2861      	GOTO       L__Lcd_Cmd37
0x005E	0x1283      	BCF        STATUS, 5
0x005F	0x1006      	BCF        LCD_D4, BitPos(LCD_D4+0)
0x0060	0x2863      	GOTO       L__Lcd_Cmd38
L__Lcd_Cmd37:
0x0061	0x1283      	BCF        STATUS, 5
0x0062	0x1406      	BSF        LCD_D4, BitPos(LCD_D4+0)
L__Lcd_Cmd38:
;__Lib_Lcd.c,38 :: 		
0x0063	0x186A      	BTFSC      __Lib_Lcd_cmd_status, BitPos(__Lib_Lcd_cmd_status+0)
0x0064	0x2867      	GOTO       L__Lcd_Cmd39
0x0065	0x1606      	BSF        LCD_RS, BitPos(LCD_RS+0)
0x0066	0x2868      	GOTO       L__Lcd_Cmd40
L__Lcd_Cmd39:
0x0067	0x1206      	BCF        LCD_RS, BitPos(LCD_RS+0)
L__Lcd_Cmd40:
;__Lib_Lcd.c,40 :: 		
0x0068	0x1686      	BSF        LCD_EN, BitPos(LCD_EN+0)
;__Lib_Lcd.c,41 :: 		
0x0069	0x2003      	CALL       _Delay_1us
;__Lib_Lcd.c,42 :: 		
0x006A	0x1286      	BCF        LCD_EN, BitPos(LCD_EN+0)
;__Lib_Lcd.c,44 :: 		
0x006B	0x1C6A      	BTFSS      __Lib_Lcd_cmd_status, BitPos(__Lib_Lcd_cmd_status+0)
0x006C	0x286F      	GOTO       L_Lcd_Cmd0
;__Lib_Lcd.c,45 :: 		
0x006D	0x200D      	CALL       _Delay_5500us
0x006E	0x2870      	GOTO       L_Lcd_Cmd1
L_Lcd_Cmd0:
;__Lib_Lcd.c,47 :: 		
0x006F	0x2006      	CALL       _Delay_50us
L_Lcd_Cmd1:
;__Lib_Lcd.c,48 :: 		
L_end_Lcd_Cmd:
0x0070	0x0008      	RETURN
; end of _Lcd_Cmd
_Div_16x16_S_L:
;__Lib_Math.c,420 :: 		
;__Lib_Math.c,426 :: 		
0x0071	0x0D71      	RLF        R1, 0
;__Lib_Math.c,427 :: 		
0x0072	0x0DF8      	RLF        R8, 1
;__Lib_Math.c,428 :: 		
0x0073	0x0DF9      	RLF        R9, 1
;__Lib_Math.c,429 :: 		
0x0074	0x0874      	MOVF       R4, 0
;__Lib_Math.c,430 :: 		
0x0075	0x02F8      	SUBWF      R8, 1
;__Lib_Math.c,431 :: 		
0x0076	0x0875      	MOVF       R5, 0
;__Lib_Math.c,432 :: 		
0x0077	0x1C03      	BTFSS      STATUS, 0
;__Lib_Math.c,433 :: 		
0x0078	0x0F75      	INCFSZ     R5, 0
;__Lib_Math.c,434 :: 		
0x0079	0x02F9      	SUBWF      R9, 1
;__Lib_Math.c,435 :: 		
0x007A	0x0DF0      	RLF        R0, 1
;__Lib_Math.c,436 :: 		
0x007B	0x0DF1      	RLF        R1, 1
;__Lib_Math.c,438 :: 		
0x007C	0x300F      	MOVLW      15
;__Lib_Math.c,439 :: 		
0x007D	0x00FC      	MOVWF      R12
;__Lib_Math.c,441 :: 		
0x007E	0x0D71      	RLF        R1, 0
;__Lib_Math.c,442 :: 		
0x007F	0x0DF8      	RLF        R8, 1
;__Lib_Math.c,443 :: 		
0x0080	0x0DF9      	RLF        R9, 1
;__Lib_Math.c,444 :: 		
0x0081	0x0874      	MOVF       R4, 0
;__Lib_Math.c,446 :: 		
0x0082	0x1C70      	BTFSS      R0, 0
;__Lib_Math.c,447 :: 		
0x0083	0x288A      	GOTO       $+7
;__Lib_Math.c,448 :: 		
0x0084	0x02F8      	SUBWF      R8, 1
;__Lib_Math.c,449 :: 		
0x0085	0x0875      	MOVF       R5, 0
;__Lib_Math.c,450 :: 		
0x0086	0x1C03      	BTFSS      STATUS, 0
;__Lib_Math.c,451 :: 		
0x0087	0x0F75      	INCFSZ     R5, 0
;__Lib_Math.c,452 :: 		
0x0088	0x02F9      	SUBWF      R9, 1
;__Lib_Math.c,453 :: 		
0x0089	0x288F      	GOTO       $+6
;__Lib_Math.c,455 :: 		
0x008A	0x07F8      	ADDWF      R8, 1
;__Lib_Math.c,456 :: 		
0x008B	0x0875      	MOVF       R5, 0
;__Lib_Math.c,457 :: 		
0x008C	0x1803      	BTFSC      STATUS, 0
;__Lib_Math.c,458 :: 		
0x008D	0x0F75      	INCFSZ     R5, 0
;__Lib_Math.c,459 :: 		
0x008E	0x07F9      	ADDWF      R9, 1
;__Lib_Math.c,461 :: 		
0x008F	0x0DF0      	RLF        R0, 1
;__Lib_Math.c,462 :: 		
0x0090	0x0DF1      	RLF        R1, 1
;__Lib_Math.c,464 :: 		
0x0091	0x0BFC      	DECFSZ     R12, 1
;__Lib_Math.c,465 :: 		
0x0092	0x287E      	GOTO       $-20
;__Lib_Math.c,467 :: 		
0x0093	0x1870      	BTFSC      R0, 0
;__Lib_Math.c,468 :: 		
0x0094	0x289B      	GOTO       $+7
;__Lib_Math.c,469 :: 		
0x0095	0x0874      	MOVF       R4, 0
;__Lib_Math.c,470 :: 		
0x0096	0x07F8      	ADDWF      R8, 1
;__Lib_Math.c,471 :: 		
0x0097	0x0875      	MOVF       R5, 0
;__Lib_Math.c,472 :: 		
0x0098	0x1803      	BTFSC      STATUS, 0
;__Lib_Math.c,473 :: 		
0x0099	0x0F75      	INCFSZ     R5, 0
;__Lib_Math.c,474 :: 		
0x009A	0x07F9      	ADDWF      R9, 1
;__Lib_Math.c,475 :: 		
0x009B	0x0000      	NOP
;__Lib_Math.c,477 :: 		
L_end_Div_16x16_S_L:
0x009C	0x0008      	RETURN
; end of _Div_16x16_S_L
_Lcd_Chr_CP:
;__Lib_Lcd.c,50 :: 		
;__Lib_Lcd.c,52 :: 		
0x009D	0x1283      	BCF        STATUS, 5
0x009E	0x1303      	BCF        STATUS, 6
0x009F	0x106A      	BCF        __Lib_Lcd_cmd_status, BitPos(__Lib_Lcd_cmd_status+0)
;__Lib_Lcd.c,53 :: 		
0x00A0	0x1683      	BSF        STATUS, 5
0x00A1	0x0825      	MOVF       FARG_Lcd_Chr_CP_out_char, 0
0x00A2	0x00A6      	MOVWF      FARG_Lcd_Cmd_out_char
0x00A3	0x201A      	CALL       _Lcd_Cmd
;__Lib_Lcd.c,54 :: 		
0x00A4	0x146A      	BSF        __Lib_Lcd_cmd_status, BitPos(__Lib_Lcd_cmd_status+0)
;__Lib_Lcd.c,55 :: 		
L_end_Lcd_Chr_CP:
0x00A5	0x0008      	RETURN
; end of _Lcd_Chr_CP
_____DoICP:
;__Lib_System.c,6 :: 		
;__Lib_System.c,9 :: 		
0x00A6	0x1283      	BCF        STATUS, 5
0x00A7	0x1303      	BCF        STATUS, 6
0x00A8	0x0865      	MOVF       ___DoICPAddr+1, 0
0x00A9	0x008A      	MOVWF      PCLATH
;__Lib_System.c,10 :: 		
0x00AA	0x0864      	MOVF       ___DoICPAddr, 0
0x00AB	0x0082      	MOVWF      PCL
;__Lib_System.c,12 :: 		
L_end_____DoICP:
0x00AC	0x0008      	RETURN
; end of _____DoICP
_Div_16x16_S:
;__Lib_Math.c,479 :: 		
;__Lib_Math.c,487 :: 		
0x00AD	0x1283      	BCF        STATUS, 5
0x00AE	0x1303      	BCF        STATUS, 6
0x00AF	0x0874      	MOVF       R4, 0
0x00B0	0x3A00      	XORLW      0
0x00B1	0x1D03      	BTFSS      STATUS, 2
0x00B2	0x28BC      	GOTO       L_Div_16x16_S0
;__Lib_Math.c,488 :: 		
0x00B3	0x0875      	MOVF       R5, 0
0x00B4	0x3A00      	XORLW      0
0x00B5	0x1D03      	BTFSS      STATUS, 2
0x00B6	0x28BC      	GOTO       L_Div_16x16_S1
;__Lib_Math.c,489 :: 		
0x00B7	0x30FF      	MOVLW      255
0x00B8	0x00F0      	MOVWF      R0
;__Lib_Math.c,490 :: 		
0x00B9	0x307F      	MOVLW      127
0x00BA	0x00F1      	MOVWF      R1
;__Lib_Math.c,491 :: 		
0x00BB	0x2915      	GOTO       L_end_Div_16x16_S
;__Lib_Math.c,492 :: 		
L_Div_16x16_S1:
L_Div_16x16_S0:
;__Lib_Math.c,495 :: 		
0x00BC	0x1283      	BCF        STATUS, 5
;__Lib_Math.c,496 :: 		
0x00BD	0x1303      	BCF        STATUS, 6
;__Lib_Math.c,497 :: 		
0x00BE	0x01FD      	CLRF       R13
;__Lib_Math.c,498 :: 		
0x00BF	0x01F9      	CLRF       R9
;__Lib_Math.c,499 :: 		
0x00C0	0x01F8      	CLRF       R8
;__Lib_Math.c,500 :: 		
0x00C1	0x0871      	MOVF       R1, 0
;__Lib_Math.c,501 :: 		
0x00C2	0x0470      	IORWF      R0, 0
;__Lib_Math.c,502 :: 		
0x00C3	0x1903      	BTFSC      STATUS, 2
;__Lib_Math.c,503 :: 		
0x00C4	0x3400      	RETLW      0
;__Lib_Math.c,505 :: 		
0x00C5	0x0871      	MOVF       R1, 0
;__Lib_Math.c,506 :: 		
0x00C6	0x0675      	XORWF      R5, 0
;__Lib_Math.c,507 :: 		
0x00C7	0x00FA      	MOVWF      R10
;__Lib_Math.c,508 :: 		
0x00C8	0x1BFA      	BTFSC      R10, 7
;__Lib_Math.c,509 :: 		
0x00C9	0x09FD      	COMF       R13, 1
;__Lib_Math.c,511 :: 		
0x00CA	0x01FB      	CLRF       R11
;__Lib_Math.c,513 :: 		
0x00CB	0x1FF5      	BTFSS      R5, 7
;__Lib_Math.c,514 :: 		
0x00CC	0x28D2      	GOTO       $+6
;__Lib_Math.c,516 :: 		
0x00CD	0x09F4      	COMF       R4, 1
;__Lib_Math.c,517 :: 		
0x00CE	0x09F5      	COMF       R5, 1
;__Lib_Math.c,518 :: 		
0x00CF	0x0AF4      	INCF       R4, 1
;__Lib_Math.c,519 :: 		
0x00D0	0x1903      	BTFSC      STATUS, 2
;__Lib_Math.c,520 :: 		
0x00D1	0x0AF5      	INCF       R5, 1
;__Lib_Math.c,522 :: 		
0x00D2	0x1FF1      	BTFSS      R1, 7
;__Lib_Math.c,523 :: 		
0x00D3	0x28D9      	GOTO       $+6
;__Lib_Math.c,525 :: 		
0x00D4	0x09F0      	COMF       R0, 1
;__Lib_Math.c,526 :: 		
0x00D5	0x09F1      	COMF       R1, 1
;__Lib_Math.c,527 :: 		
0x00D6	0x0AF0      	INCF       R0, 1
;__Lib_Math.c,528 :: 		
0x00D7	0x1903      	BTFSC      STATUS, 2
;__Lib_Math.c,529 :: 		
0x00D8	0x0AF1      	INCF       R1, 1
;__Lib_Math.c,531 :: 		
0x00D9	0x0871      	MOVF       R1, 0
;__Lib_Math.c,532 :: 		
0x00DA	0x0475      	IORWF      R5, 0
;__Lib_Math.c,533 :: 		
0x00DB	0x00FA      	MOVWF      R10
;__Lib_Math.c,534 :: 		
0x00DC	0x1BFA      	BTFSC      R10, 7
;__Lib_Math.c,535 :: 		
0x00DD	0x28EE      	GOTO       $+17
;__Lib_Math.c,537 :: 		
0x00DE	0x2071      	CALL       _Div_16x16_S_L
;__Lib_Math.c,539 :: 		
0x00DF	0x187B      	BTFSC      R11, 0
;__Lib_Math.c,540 :: 		
0x00E0	0x2901      	GOTO       $+33
;__Lib_Math.c,542 :: 		
0x00E1	0x1FFD      	BTFSS      R13, 7
;__Lib_Math.c,543 :: 		
0x00E2	0x3400      	RETLW      0
;__Lib_Math.c,545 :: 		
0x00E3	0x09F0      	COMF       R0, 1
;__Lib_Math.c,546 :: 		
0x00E4	0x09F1      	COMF       R1, 1
;__Lib_Math.c,547 :: 		
0x00E5	0x0AF0      	INCF       R0, 1
;__Lib_Math.c,548 :: 		
0x00E6	0x1903      	BTFSC      STATUS, 2
;__Lib_Math.c,549 :: 		
0x00E7	0x0AF1      	INCF       R1, 1
;__Lib_Math.c,551 :: 		
0x00E8	0x09F8      	COMF       R8, 1
;__Lib_Math.c,552 :: 		
0x00E9	0x09F9      	COMF       R9, 1
;__Lib_Math.c,553 :: 		
0x00EA	0x0AF8      	INCF       R8, 1
;__Lib_Math.c,554 :: 		
0x00EB	0x1903      	BTFSC      STATUS, 2
;__Lib_Math.c,555 :: 		
0x00EC	0x0AF9      	INCF       R9, 1
;__Lib_Math.c,557 :: 		
0x00ED	0x3400      	RETLW      0
;__Lib_Math.c,559 :: 		
0x00EE	0x1FF5      	BTFSS      R5, 7
;__Lib_Math.c,560 :: 		
0x00EF	0x28FD      	GOTO       $+14
;__Lib_Math.c,561 :: 		
0x00F0	0x1BF1      	BTFSC      R1, 7
;__Lib_Math.c,562 :: 		
0x00F1	0x28F9      	GOTO       $+8
;__Lib_Math.c,563 :: 		
0x00F2	0x0871      	MOVF       R1, 0
;__Lib_Math.c,564 :: 		
0x00F3	0x00F9      	MOVWF      R9
;__Lib_Math.c,565 :: 		
0x00F4	0x0870      	MOVF       R0, 0
;__Lib_Math.c,566 :: 		
0x00F5	0x00F8      	MOVWF      R8
;__Lib_Math.c,567 :: 		
0x00F6	0x01F1      	CLRF       R1
;__Lib_Math.c,568 :: 		
0x00F7	0x01F0      	CLRF       R0
;__Lib_Math.c,569 :: 		
0x00F8	0x28E1      	GOTO       $-23
;__Lib_Math.c,570 :: 		
0x00F9	0x01F1      	CLRF       R1
;__Lib_Math.c,571 :: 		
0x00FA	0x01F0      	CLRF       R0
;__Lib_Math.c,572 :: 		
0x00FB	0x0AF0      	INCF       R0, 1
;__Lib_Math.c,573 :: 		
0x00FC	0x3400      	RETLW      0
;__Lib_Math.c,575 :: 		
0x00FD	0x09F1      	COMF       R1, 1
;__Lib_Math.c,576 :: 		
0x00FE	0x09F0      	COMF       R0, 1
;__Lib_Math.c,577 :: 		
0x00FF	0x0AFB      	INCF       R11, 1
;__Lib_Math.c,578 :: 		
0x0100	0x28DE      	GOTO       $-34
;__Lib_Math.c,580 :: 		
0x0101	0x0AF8      	INCF       R8, 1
;__Lib_Math.c,581 :: 		
0x0102	0x1903      	BTFSC      STATUS, 2
;__Lib_Math.c,582 :: 		
0x0103	0x0AF9      	INCF       R9, 1
;__Lib_Math.c,583 :: 		
0x0104	0x0874      	MOVF       R4, 0
;__Lib_Math.c,584 :: 		
0x0105	0x0278      	SUBWF      R8, 0
;__Lib_Math.c,585 :: 		
0x0106	0x1D03      	BTFSS      STATUS, 2
;__Lib_Math.c,586 :: 		
0x0107	0x28E1      	GOTO       $-38
;__Lib_Math.c,587 :: 		
0x0108	0x0875      	MOVF       R5, 0
;__Lib_Math.c,588 :: 		
0x0109	0x0279      	SUBWF      R9, 0
;__Lib_Math.c,589 :: 		
0x010A	0x1D03      	BTFSS      STATUS, 2
;__Lib_Math.c,590 :: 		
0x010B	0x28E1      	GOTO       $-42
;__Lib_Math.c,591 :: 		
0x010C	0x01F9      	CLRF       R9
;__Lib_Math.c,592 :: 		
0x010D	0x01F8      	CLRF       R8
;__Lib_Math.c,593 :: 		
0x010E	0x0AF0      	INCF       R0, 1
;__Lib_Math.c,594 :: 		
0x010F	0x1903      	BTFSC      STATUS, 2
;__Lib_Math.c,595 :: 		
0x0110	0x0AF1      	INCF       R1, 1
;__Lib_Math.c,596 :: 		
0x0111	0x1FF1      	BTFSS      R1, 7
;__Lib_Math.c,597 :: 		
0x0112	0x28E1      	GOTO       $-49
;__Lib_Math.c,598 :: 		
0x0113	0x0000      	NOP
;__Lib_Math.c,599 :: 		
0x0114	0x34FF      	RETLW      255
;__Lib_Math.c,601 :: 		
L_end_Div_16x16_S:
0x0115	0x0008      	RETURN
; end of _Div_16x16_S
_Lcd_Chr:
;__Lib_Lcd.c,65 :: 		
;__Lib_Lcd.c,66 :: 		
0x0116	0x2928      	GOTO       L_Lcd_Chr4
;__Lib_Lcd.c,67 :: 		
L_Lcd_Chr6:
0x0117	0x3080      	MOVLW      128
0x0118	0x1683      	BSF        STATUS, 5
0x0119	0x1303      	BCF        STATUS, 6
0x011A	0x00A2      	MOVWF      FARG_Lcd_Chr_row
0x011B	0x293B      	GOTO       L_Lcd_Chr5
;__Lib_Lcd.c,68 :: 		
L_Lcd_Chr7:
0x011C	0x30C0      	MOVLW      192
0x011D	0x00A2      	MOVWF      FARG_Lcd_Chr_row
0x011E	0x293B      	GOTO       L_Lcd_Chr5
;__Lib_Lcd.c,69 :: 		
L_Lcd_Chr8:
0x011F	0x3094      	MOVLW      148
0x0120	0x00A2      	MOVWF      FARG_Lcd_Chr_row
0x0121	0x293B      	GOTO       L_Lcd_Chr5
;__Lib_Lcd.c,70 :: 		
L_Lcd_Chr9:
0x0122	0x30D4      	MOVLW      212
0x0123	0x00A2      	MOVWF      FARG_Lcd_Chr_row
0x0124	0x293B      	GOTO       L_Lcd_Chr5
;__Lib_Lcd.c,71 :: 		
L_Lcd_Chr10:
0x0125	0x3080      	MOVLW      128
0x0126	0x00A2      	MOVWF      FARG_Lcd_Chr_row
;__Lib_Lcd.c,72 :: 		
0x0127	0x293B      	GOTO       L_Lcd_Chr5
L_Lcd_Chr4:
0x0128	0x1683      	BSF        STATUS, 5
0x0129	0x1303      	BCF        STATUS, 6
0x012A	0x0822      	MOVF       FARG_Lcd_Chr_row, 0
0x012B	0x3A01      	XORLW      1
0x012C	0x1903      	BTFSC      STATUS, 2
0x012D	0x2917      	GOTO       L_Lcd_Chr6
0x012E	0x0822      	MOVF       FARG_Lcd_Chr_row, 0
0x012F	0x3A02      	XORLW      2
0x0130	0x1903      	BTFSC      STATUS, 2
0x0131	0x291C      	GOTO       L_Lcd_Chr7
0x0132	0x0822      	MOVF       FARG_Lcd_Chr_row, 0
0x0133	0x3A03      	XORLW      3
0x0134	0x1903      	BTFSC      STATUS, 2
0x0135	0x291F      	GOTO       L_Lcd_Chr8
0x0136	0x0822      	MOVF       FARG_Lcd_Chr_row, 0
0x0137	0x3A04      	XORLW      4
0x0138	0x1903      	BTFSC      STATUS, 2
0x0139	0x2922      	GOTO       L_Lcd_Chr9
0x013A	0x2925      	GOTO       L_Lcd_Chr10
L_Lcd_Chr5:
;__Lib_Lcd.c,74 :: 		
0x013B	0x0323      	DECF       FARG_Lcd_Chr_column, 0
0x013C	0x00F0      	MOVWF      R0
0x013D	0x0822      	MOVF       FARG_Lcd_Chr_row, 0
0x013E	0x07F0      	ADDWF      R0, 1
0x013F	0x0870      	MOVF       R0, 0
0x0140	0x00A2      	MOVWF      FARG_Lcd_Chr_row
;__Lib_Lcd.c,76 :: 		
0x0141	0x1283      	BCF        STATUS, 5
0x0142	0x146A      	BSF        __Lib_Lcd_cmd_status, BitPos(__Lib_Lcd_cmd_status+0)
;__Lib_Lcd.c,77 :: 		
0x0143	0x0870      	MOVF       R0, 0
0x0144	0x1683      	BSF        STATUS, 5
0x0145	0x00A6      	MOVWF      FARG_Lcd_Cmd_out_char
0x0146	0x201A      	CALL       _Lcd_Cmd
;__Lib_Lcd.c,79 :: 		
0x0147	0x106A      	BCF        __Lib_Lcd_cmd_status, BitPos(__Lib_Lcd_cmd_status+0)
;__Lib_Lcd.c,80 :: 		
0x0148	0x1683      	BSF        STATUS, 5
0x0149	0x0824      	MOVF       FARG_Lcd_Chr_out_char, 0
0x014A	0x00A6      	MOVWF      FARG_Lcd_Cmd_out_char
0x014B	0x201A      	CALL       _Lcd_Cmd
;__Lib_Lcd.c,81 :: 		
0x014C	0x146A      	BSF        __Lib_Lcd_cmd_status, BitPos(__Lib_Lcd_cmd_status+0)
;__Lib_Lcd.c,82 :: 		
L_end_Lcd_Chr:
0x014D	0x0008      	RETURN
; end of _Lcd_Chr
_Mul_16x16_U:
;__Lib_Math.c,136 :: 		
;__Lib_Math.c,143 :: 		
0x014E	0x1283      	BCF        STATUS, 5
;__Lib_Math.c,144 :: 		
0x014F	0x1303      	BCF        STATUS, 6
;__Lib_Math.c,145 :: 		
0x0150	0x01FB      	CLRF       R11
;__Lib_Math.c,146 :: 		
0x0151	0x01FA      	CLRF       R10
;__Lib_Math.c,147 :: 		
0x0152	0x01F9      	CLRF       R9
;__Lib_Math.c,148 :: 		
0x0153	0x3080      	MOVLW      128
;__Lib_Math.c,149 :: 		
0x0154	0x00F8      	MOVWF      R8
;__Lib_Math.c,150 :: 		
0x0155	0x0CF1      	RRF        R1, 1
;__Lib_Math.c,151 :: 		
0x0156	0x0CF0      	RRF        R0, 1
;__Lib_Math.c,152 :: 		
0x0157	0x1C03      	BTFSS      STATUS, 0
;__Lib_Math.c,153 :: 		
0x0158	0x2962      	GOTO       $+10
;__Lib_Math.c,154 :: 		
0x0159	0x0874      	MOVF       R4, 0
;__Lib_Math.c,155 :: 		
0x015A	0x07F9      	ADDWF      R9, 1
;__Lib_Math.c,156 :: 		
0x015B	0x0875      	MOVF       R5, 0
;__Lib_Math.c,157 :: 		
0x015C	0x1803      	BTFSC      STATUS, 0
;__Lib_Math.c,158 :: 		
0x015D	0x0F75      	INCFSZ     R5, 0
;__Lib_Math.c,159 :: 		
0x015E	0x07FA      	ADDWF      R10, 1
;__Lib_Math.c,160 :: 		
0x015F	0x1803      	BTFSC      STATUS, 0
;__Lib_Math.c,161 :: 		
0x0160	0x0AFB      	INCF       R11, 1
;__Lib_Math.c,162 :: 		
0x0161	0x1003      	BCF        STATUS, 0
;__Lib_Math.c,163 :: 		
0x0162	0x1FF0      	BTFSS      R0, 7
;__Lib_Math.c,164 :: 		
0x0163	0x296A      	GOTO       $+7
;__Lib_Math.c,165 :: 		
0x0164	0x0874      	MOVF       R4, 0
;__Lib_Math.c,166 :: 		
0x0165	0x07FA      	ADDWF      R10, 1
;__Lib_Math.c,167 :: 		
0x0166	0x0875      	MOVF       R5, 0
;__Lib_Math.c,168 :: 		
0x0167	0x1803      	BTFSC      STATUS, 0
;__Lib_Math.c,169 :: 		
0x0168	0x0F75      	INCFSZ     R5, 0
;__Lib_Math.c,170 :: 		
0x0169	0x07FB      	ADDWF      R11, 1
;__Lib_Math.c,171 :: 		
0x016A	0x0CFB      	RRF        R11, 1
;__Lib_Math.c,172 :: 		
0x016B	0x0CFA      	RRF        R10, 1
;__Lib_Math.c,173 :: 		
0x016C	0x0CF9      	RRF        R9, 1
;__Lib_Math.c,174 :: 		
0x016D	0x0CF8      	RRF        R8, 1
;__Lib_Math.c,175 :: 		
0x016E	0x1C03      	BTFSS      STATUS, 0
;__Lib_Math.c,176 :: 		
0x016F	0x2955      	GOTO       $-26
;__Lib_Math.c,177 :: 		
0x0170	0x087B      	MOVF       R11, 0
;__Lib_Math.c,178 :: 		
0x0171	0x00F3      	MOVWF      R3
;__Lib_Math.c,179 :: 		
0x0172	0x087A      	MOVF       R10, 0
;__Lib_Math.c,180 :: 		
0x0173	0x00F2      	MOVWF      R2
;__Lib_Math.c,181 :: 		
0x0174	0x0879      	MOVF       R9, 0
;__Lib_Math.c,182 :: 		
0x0175	0x00F1      	MOVWF      R1
;__Lib_Math.c,183 :: 		
0x0176	0x0878      	MOVF       R8, 0
;__Lib_Math.c,184 :: 		
0x0177	0x00F0      	MOVWF      R0
;__Lib_Math.c,187 :: 		
L_end_Mul_16x16_U:
0x0178	0x0008      	RETURN
; end of _Mul_16x16_U
___CC2DW:
;__Lib_System.c,134 :: 		
;__Lib_System.c,137 :: 		
_CC2D_Loop1:
;__Lib_System.c,139 :: 		
0x0179	0x20A6      	CALL       _____DoICP
0x017A	0x118A      	BCF        PCLATH, 3
0x017B	0x120A      	BCF        PCLATH, 4
;__Lib_System.c,141 :: 		
0x017C	0x0080      	MOVWF      INDF
;__Lib_System.c,142 :: 		
0x017D	0x0A84      	INCF       FSR, 1
;__Lib_System.c,143 :: 		
0x017E	0x0AE4      	INCF       ___DoICPAddr, 1
;__Lib_System.c,145 :: 		
0x017F	0x1903      	BTFSC      STATUS, 2
;__Lib_System.c,146 :: 		
0x0180	0x0AE5      	INCF       ___DoICPAddr+1, 1
;__Lib_System.c,147 :: 		
0x0181	0x03F0      	DECF       R0, 1
;__Lib_System.c,149 :: 		
0x0182	0x1D03      	BTFSS      STATUS, 2
;__Lib_System.c,150 :: 		
0x0183	0x2979      	GOTO       _CC2D_Loop1
;__Lib_System.c,152 :: 		
L_end___CC2DW:
0x0184	0x0008      	RETURN
; end of ___CC2DW
_Lcd_Init:
;__Lib_Lcd.c,84 :: 		
;__Lib_Lcd.c,86 :: 		
0x0185	0x1683      	BSF        STATUS, 5
0x0186	0x1303      	BCF        STATUS, 6
0x0187	0x1286      	BCF        LCD_EN_Direction, BitPos(LCD_EN_Direction+0)
;__Lib_Lcd.c,87 :: 		
0x0188	0x1206      	BCF        LCD_RS_Direction, BitPos(LCD_RS_Direction+0)
;__Lib_Lcd.c,88 :: 		
0x0189	0x1006      	BCF        LCD_D4_Direction, BitPos(LCD_D4_Direction+0)
;__Lib_Lcd.c,89 :: 		
0x018A	0x1086      	BCF        LCD_D5_Direction, BitPos(LCD_D5_Direction+0)
;__Lib_Lcd.c,90 :: 		
0x018B	0x1106      	BCF        LCD_D6_Direction, BitPos(LCD_D6_Direction+0)
;__Lib_Lcd.c,91 :: 		
0x018C	0x1186      	BCF        LCD_D7_Direction, BitPos(LCD_D7_Direction+0)
;__Lib_Lcd.c,93 :: 		
0x018D	0x1283      	BCF        STATUS, 5
0x018E	0x1286      	BCF        LCD_EN, BitPos(LCD_EN+0)
;__Lib_Lcd.c,94 :: 		
0x018F	0x1206      	BCF        LCD_RS, BitPos(LCD_RS+0)
;__Lib_Lcd.c,95 :: 		
0x0190	0x1186      	BCF        LCD_D7, BitPos(LCD_D7+0)
;__Lib_Lcd.c,96 :: 		
0x0191	0x1106      	BCF        LCD_D6, BitPos(LCD_D6+0)
;__Lib_Lcd.c,97 :: 		
0x0192	0x1086      	BCF        LCD_D5, BitPos(LCD_D5+0)
;__Lib_Lcd.c,98 :: 		
0x0193	0x1006      	BCF        LCD_D4, BitPos(LCD_D4+0)
;__Lib_Lcd.c,100 :: 		
0x0194	0x200D      	CALL       _Delay_5500us
;__Lib_Lcd.c,101 :: 		
0x0195	0x200D      	CALL       _Delay_5500us
;__Lib_Lcd.c,102 :: 		
0x0196	0x200D      	CALL       _Delay_5500us
;__Lib_Lcd.c,105 :: 		
0x0197	0x1486      	BSF        LCD_D5, BitPos(LCD_D5+0)
;__Lib_Lcd.c,106 :: 		
0x0198	0x1406      	BSF        LCD_D4, BitPos(LCD_D4+0)
;__Lib_Lcd.c,107 :: 		
0x0199	0x1686      	BSF        LCD_EN, BitPos(LCD_EN+0)
;__Lib_Lcd.c,108 :: 		
0x019A	0x2003      	CALL       _Delay_1us
;__Lib_Lcd.c,109 :: 		
0x019B	0x1286      	BCF        LCD_EN, BitPos(LCD_EN+0)
;__Lib_Lcd.c,110 :: 		
0x019C	0x200D      	CALL       _Delay_5500us
;__Lib_Lcd.c,112 :: 		
0x019D	0x1686      	BSF        LCD_EN, BitPos(LCD_EN+0)
;__Lib_Lcd.c,113 :: 		
0x019E	0x2003      	CALL       _Delay_1us
;__Lib_Lcd.c,114 :: 		
0x019F	0x1286      	BCF        LCD_EN, BitPos(LCD_EN+0)
;__Lib_Lcd.c,115 :: 		
0x01A0	0x200D      	CALL       _Delay_5500us
;__Lib_Lcd.c,117 :: 		
0x01A1	0x1686      	BSF        LCD_EN, BitPos(LCD_EN+0)
;__Lib_Lcd.c,118 :: 		
0x01A2	0x2003      	CALL       _Delay_1us
;__Lib_Lcd.c,119 :: 		
0x01A3	0x1286      	BCF        LCD_EN, BitPos(LCD_EN+0)
;__Lib_Lcd.c,120 :: 		
0x01A4	0x200D      	CALL       _Delay_5500us
;__Lib_Lcd.c,123 :: 		
0x01A5	0x1006      	BCF        LCD_D4, BitPos(LCD_D4+0)
;__Lib_Lcd.c,124 :: 		
0x01A6	0x1686      	BSF        LCD_EN, BitPos(LCD_EN+0)
;__Lib_Lcd.c,125 :: 		
0x01A7	0x2003      	CALL       _Delay_1us
;__Lib_Lcd.c,126 :: 		
0x01A8	0x1286      	BCF        LCD_EN, BitPos(LCD_EN+0)
;__Lib_Lcd.c,127 :: 		
0x01A9	0x200D      	CALL       _Delay_5500us
;__Lib_Lcd.c,130 :: 		
0x01AA	0x1686      	BSF        LCD_EN, BitPos(LCD_EN+0)
;__Lib_Lcd.c,131 :: 		
0x01AB	0x2003      	CALL       _Delay_1us
;__Lib_Lcd.c,132 :: 		
0x01AC	0x1286      	BCF        LCD_EN, BitPos(LCD_EN+0)
;__Lib_Lcd.c,134 :: 		
0x01AD	0x1086      	BCF        LCD_D5, BitPos(LCD_D5+0)
;__Lib_Lcd.c,135 :: 		
0x01AE	0x1586      	BSF        LCD_D7, BitPos(LCD_D7+0)
;__Lib_Lcd.c,136 :: 		
0x01AF	0x1686      	BSF        LCD_EN, BitPos(LCD_EN+0)
;__Lib_Lcd.c,137 :: 		
0x01B0	0x2003      	CALL       _Delay_1us
;__Lib_Lcd.c,138 :: 		
0x01B1	0x1286      	BCF        LCD_EN, BitPos(LCD_EN+0)
;__Lib_Lcd.c,139 :: 		
0x01B2	0x200D      	CALL       _Delay_5500us
;__Lib_Lcd.c,142 :: 		
0x01B3	0x1186      	BCF        LCD_D7, BitPos(LCD_D7+0)
;__Lib_Lcd.c,143 :: 		
0x01B4	0x1406      	BSF        LCD_D4, BitPos(LCD_D4+0)
;__Lib_Lcd.c,144 :: 		
0x01B5	0x1686      	BSF        LCD_EN, BitPos(LCD_EN+0)
;__Lib_Lcd.c,145 :: 		
0x01B6	0x2003      	CALL       _Delay_1us
;__Lib_Lcd.c,146 :: 		
0x01B7	0x1286      	BCF        LCD_EN, BitPos(LCD_EN+0)
;__Lib_Lcd.c,148 :: 		
0x01B8	0x1006      	BCF        LCD_D4, BitPos(LCD_D4+0)
;__Lib_Lcd.c,149 :: 		
0x01B9	0x1686      	BSF        LCD_EN, BitPos(LCD_EN+0)
;__Lib_Lcd.c,150 :: 		
0x01BA	0x2003      	CALL       _Delay_1us
;__Lib_Lcd.c,151 :: 		
0x01BB	0x1286      	BCF        LCD_EN, BitPos(LCD_EN+0)
;__Lib_Lcd.c,152 :: 		
0x01BC	0x200D      	CALL       _Delay_5500us
;__Lib_Lcd.c,155 :: 		
0x01BD	0x1686      	BSF        LCD_EN, BitPos(LCD_EN+0)
;__Lib_Lcd.c,156 :: 		
0x01BE	0x2003      	CALL       _Delay_1us
;__Lib_Lcd.c,157 :: 		
0x01BF	0x1286      	BCF        LCD_EN, BitPos(LCD_EN+0)
;__Lib_Lcd.c,159 :: 		
0x01C0	0x1406      	BSF        LCD_D4, BitPos(LCD_D4+0)
;__Lib_Lcd.c,160 :: 		
0x01C1	0x1686      	BSF        LCD_EN, BitPos(LCD_EN+0)
;__Lib_Lcd.c,161 :: 		
0x01C2	0x2003      	CALL       _Delay_1us
;__Lib_Lcd.c,162 :: 		
0x01C3	0x1286      	BCF        LCD_EN, BitPos(LCD_EN+0)
;__Lib_Lcd.c,163 :: 		
0x01C4	0x200D      	CALL       _Delay_5500us
;__Lib_Lcd.c,166 :: 		
0x01C5	0x1006      	BCF        LCD_D4, BitPos(LCD_D4+0)
;__Lib_Lcd.c,167 :: 		
0x01C6	0x1686      	BSF        LCD_EN, BitPos(LCD_EN+0)
;__Lib_Lcd.c,168 :: 		
0x01C7	0x2003      	CALL       _Delay_1us
;__Lib_Lcd.c,169 :: 		
0x01C8	0x1286      	BCF        LCD_EN, BitPos(LCD_EN+0)
;__Lib_Lcd.c,171 :: 		
0x01C9	0x1586      	BSF        LCD_D7, BitPos(LCD_D7+0)
;__Lib_Lcd.c,172 :: 		
0x01CA	0x1506      	BSF        LCD_D6, BitPos(LCD_D6+0)
;__Lib_Lcd.c,173 :: 		
0x01CB	0x1486      	BSF        LCD_D5, BitPos(LCD_D5+0)
;__Lib_Lcd.c,174 :: 		
0x01CC	0x1406      	BSF        LCD_D4, BitPos(LCD_D4+0)
;__Lib_Lcd.c,175 :: 		
0x01CD	0x1686      	BSF        LCD_EN, BitPos(LCD_EN+0)
;__Lib_Lcd.c,176 :: 		
0x01CE	0x2003      	CALL       _Delay_1us
;__Lib_Lcd.c,177 :: 		
0x01CF	0x1286      	BCF        LCD_EN, BitPos(LCD_EN+0)
;__Lib_Lcd.c,179 :: 		
0x01D0	0x200D      	CALL       _Delay_5500us
;__Lib_Lcd.c,181 :: 		
0x01D1	0x146A      	BSF        __Lib_Lcd_cmd_status, BitPos(__Lib_Lcd_cmd_status+0)
;__Lib_Lcd.c,182 :: 		
L_end_Lcd_Init:
0x01D2	0x0008      	RETURN
; end of _Lcd_Init
_Lcd_Out:
;__Lib_Lcd.c,184 :: 		
;__Lib_Lcd.c,187 :: 		
0x01D3	0x29E5      	GOTO       L_Lcd_Out11
;__Lib_Lcd.c,188 :: 		
L_Lcd_Out13:
0x01D4	0x3080      	MOVLW      128
0x01D5	0x1683      	BSF        STATUS, 5
0x01D6	0x1303      	BCF        STATUS, 6
0x01D7	0x00A2      	MOVWF      FARG_Lcd_Out_row
0x01D8	0x29F8      	GOTO       L_Lcd_Out12
;__Lib_Lcd.c,189 :: 		
L_Lcd_Out14:
0x01D9	0x30C0      	MOVLW      192
0x01DA	0x00A2      	MOVWF      FARG_Lcd_Out_row
0x01DB	0x29F8      	GOTO       L_Lcd_Out12
;__Lib_Lcd.c,190 :: 		
L_Lcd_Out15:
0x01DC	0x3094      	MOVLW      148
0x01DD	0x00A2      	MOVWF      FARG_Lcd_Out_row
0x01DE	0x29F8      	GOTO       L_Lcd_Out12
;__Lib_Lcd.c,191 :: 		
L_Lcd_Out16:
0x01DF	0x30D4      	MOVLW      212
0x01E0	0x00A2      	MOVWF      FARG_Lcd_Out_row
0x01E1	0x29F8      	GOTO       L_Lcd_Out12
;__Lib_Lcd.c,192 :: 		
L_Lcd_Out17:
0x01E2	0x3080      	MOVLW      128
0x01E3	0x00A2      	MOVWF      FARG_Lcd_Out_row
;__Lib_Lcd.c,193 :: 		
0x01E4	0x29F8      	GOTO       L_Lcd_Out12
L_Lcd_Out11:
0x01E5	0x1683      	BSF        STATUS, 5
0x01E6	0x1303      	BCF        STATUS, 6
0x01E7	0x0822      	MOVF       FARG_Lcd_Out_row, 0
0x01E8	0x3A01      	XORLW      1
0x01E9	0x1903      	BTFSC      STATUS, 2
0x01EA	0x29D4      	GOTO       L_Lcd_Out13
0x01EB	0x0822      	MOVF       FARG_Lcd_Out_row, 0
0x01EC	0x3A02      	XORLW      2
0x01ED	0x1903      	BTFSC      STATUS, 2
0x01EE	0x29D9      	GOTO       L_Lcd_Out14
0x01EF	0x0822      	MOVF       FARG_Lcd_Out_row, 0
0x01F0	0x3A03      	XORLW      3
0x01F1	0x1903      	BTFSC      STATUS, 2
0x01F2	0x29DC      	GOTO       L_Lcd_Out15
0x01F3	0x0822      	MOVF       FARG_Lcd_Out_row, 0
0x01F4	0x3A04      	XORLW      4
0x01F5	0x1903      	BTFSC      STATUS, 2
0x01F6	0x29DF      	GOTO       L_Lcd_Out16
0x01F7	0x29E2      	GOTO       L_Lcd_Out17
L_Lcd_Out12:
;__Lib_Lcd.c,194 :: 		
0x01F8	0x0323      	DECF       FARG_Lcd_Out_column, 0
0x01F9	0x00F0      	MOVWF      R0
0x01FA	0x0822      	MOVF       FARG_Lcd_Out_row, 0
0x01FB	0x07F0      	ADDWF      R0, 1
0x01FC	0x0870      	MOVF       R0, 0
0x01FD	0x00A2      	MOVWF      FARG_Lcd_Out_row
;__Lib_Lcd.c,196 :: 		
0x01FE	0x0870      	MOVF       R0, 0
0x01FF	0x00A6      	MOVWF      FARG_Lcd_Cmd_out_char
0x0200	0x201A      	CALL       _Lcd_Cmd
;__Lib_Lcd.c,197 :: 		
0x0201	0x106A      	BCF        __Lib_Lcd_cmd_status, BitPos(__Lib_Lcd_cmd_status+0)
;__Lib_Lcd.c,198 :: 		
0x0202	0x01EF      	CLRF       Lcd_Out_i_L0
;__Lib_Lcd.c,199 :: 		
L_Lcd_Out18:
0x0203	0x086F      	MOVF       Lcd_Out_i_L0, 0
0x0204	0x1683      	BSF        STATUS, 5
0x0205	0x0724      	ADDWF      FARG_Lcd_Out_text, 0
0x0206	0x0084      	MOVWF      FSR
0x0207	0x0800      	MOVF       INDF, 0
0x0208	0x1903      	BTFSC      STATUS, 2
0x0209	0x2A14      	GOTO       L_Lcd_Out19
;__Lib_Lcd.c,200 :: 		
0x020A	0x1283      	BCF        STATUS, 5
0x020B	0x086F      	MOVF       Lcd_Out_i_L0, 0
0x020C	0x1683      	BSF        STATUS, 5
0x020D	0x0724      	ADDWF      FARG_Lcd_Out_text, 0
0x020E	0x0084      	MOVWF      FSR
0x020F	0x0800      	MOVF       INDF, 0
0x0210	0x00A5      	MOVWF      FARG_Lcd_Chr_CP_out_char
0x0211	0x209D      	CALL       _Lcd_Chr_CP
0x0212	0x0AEF      	INCF       Lcd_Out_i_L0, 1
0x0213	0x2A03      	GOTO       L_Lcd_Out18
L_Lcd_Out19:
0x0214	0x1283      	BCF        STATUS, 5
;__Lib_Lcd.c,201 :: 		
0x0215	0x146A      	BSF        __Lib_Lcd_cmd_status, BitPos(__Lib_Lcd_cmd_status+0)
;__Lib_Lcd.c,202 :: 		
L_end_Lcd_Out:
0x0216	0x0008      	RETURN
; end of _Lcd_Out
_main:
0x0217	0x2654      	CALL       1620
;MyProject.c,29 :: 		void main(){
;MyProject.c,30 :: 		trisa=255;
0x0218	0x30FF      	MOVLW      255
0x0219	0x1683      	BSF        STATUS, 5
0x021A	0x1303      	BCF        STATUS, 6
0x021B	0x0085      	MOVWF      TRISA
;MyProject.c,31 :: 		adcon1=6;
0x021C	0x3006      	MOVLW      6
0x021D	0x009F      	MOVWF      ADCON1
;MyProject.c,32 :: 		loop2:
___main_loop2:
;MyProject.c,33 :: 		Lcd_Init();                        // Initialize LCD
0x021E	0x2185      	CALL       _Lcd_Init
;MyProject.c,35 :: 		Lcd_Cmd(_LCD_CLEAR);               // Clear display
0x021F	0x3001      	MOVLW      1
0x0220	0x1683      	BSF        STATUS, 5
0x0221	0x00A6      	MOVWF      FARG_Lcd_Cmd_out_char
0x0222	0x201A      	CALL       _Lcd_Cmd
;MyProject.c,36 :: 		Lcd_Cmd(_LCD_CURSOR_OFF);          // Cursor off
0x0223	0x300C      	MOVLW      12
0x0224	0x1683      	BSF        STATUS, 5
0x0225	0x00A6      	MOVWF      FARG_Lcd_Cmd_out_char
0x0226	0x201A      	CALL       _Lcd_Cmd
;MyProject.c,37 :: 		Lcd_Out(2,5,txt1);
0x0227	0x3002      	MOVLW      2
0x0228	0x1683      	BSF        STATUS, 5
0x0229	0x00A2      	MOVWF      FARG_Lcd_Out_row
0x022A	0x3005      	MOVLW      5
0x022B	0x00A3      	MOVWF      FARG_Lcd_Out_column
0x022C	0x3042      	MOVLW      _txt1
0x022D	0x00A4      	MOVWF      FARG_Lcd_Out_text
0x022E	0x21D3      	CALL       _Lcd_Out
;MyProject.c,38 :: 		Lcd_Out(2,12,txt1);                // Write text in first row
0x022F	0x3002      	MOVLW      2
0x0230	0x1683      	BSF        STATUS, 5
0x0231	0x00A2      	MOVWF      FARG_Lcd_Out_row
0x0232	0x300C      	MOVLW      12
0x0233	0x00A3      	MOVWF      FARG_Lcd_Out_column
0x0234	0x3042      	MOVLW      _txt1
0x0235	0x00A4      	MOVWF      FARG_Lcd_Out_text
0x0236	0x21D3      	CALL       _Lcd_Out
;MyProject.c,39 :: 		Lcd_Out(1,3,txt4);
0x0237	0x3001      	MOVLW      1
0x0238	0x1683      	BSF        STATUS, 5
0x0239	0x00A2      	MOVWF      FARG_Lcd_Out_row
0x023A	0x3003      	MOVLW      3
0x023B	0x00A3      	MOVWF      FARG_Lcd_Out_column
0x023C	0x3040      	MOVLW      _txt4
0x023D	0x00A4      	MOVWF      FARG_Lcd_Out_text
0x023E	0x21D3      	CALL       _Lcd_Out
;MyProject.c,40 :: 		Lcd_Out(1,7,txt2);                // Write text in second row
0x023F	0x3001      	MOVLW      1
0x0240	0x1683      	BSF        STATUS, 5
0x0241	0x00A2      	MOVWF      FARG_Lcd_Out_row
0x0242	0x3007      	MOVLW      7
0x0243	0x00A3      	MOVWF      FARG_Lcd_Out_column
0x0244	0x3044      	MOVLW      _txt2
0x0245	0x00A4      	MOVWF      FARG_Lcd_Out_text
0x0246	0x21D3      	CALL       _Lcd_Out
;MyProject.c,41 :: 		Lcd_Out(1,15,txt3);
0x0247	0x3001      	MOVLW      1
0x0248	0x1683      	BSF        STATUS, 5
0x0249	0x00A2      	MOVWF      FARG_Lcd_Out_row
0x024A	0x300F      	MOVLW      15
0x024B	0x00A3      	MOVWF      FARG_Lcd_Out_column
0x024C	0x3048      	MOVLW      _txt3
0x024D	0x00A4      	MOVWF      FARG_Lcd_Out_text
0x024E	0x21D3      	CALL       _Lcd_Out
;MyProject.c,42 :: 		while(1){
L_main0:
;MyProject.c,44 :: 		while(f1<13){
L_main2:
0x024F	0x3080      	MOVLW      128
0x0250	0x0669      	XORWF      _f1+1, 0
0x0251	0x00F0      	MOVWF      R0
0x0252	0x3080      	MOVLW      128
0x0253	0x0270      	SUBWF      R0, 0
0x0254	0x1D03      	BTFSS      STATUS, 2
0x0255	0x2A58      	GOTO       L__main71
0x0256	0x300D      	MOVLW      13
0x0257	0x0268      	SUBWF      _f1, 0
L__main71:
0x0258	0x1803      	BTFSC      STATUS, 0
0x0259	0x2BD0      	GOTO       L_main3
;MyProject.c,45 :: 		if(f1==xh1+10){xh1=f1;}
0x025A	0x300A      	MOVLW      10
0x025B	0x0766      	ADDWF      _xh1, 0
0x025C	0x00F1      	MOVWF      R1
0x025D	0x0867      	MOVF       _xh1+1, 0
0x025E	0x1803      	BTFSC      STATUS, 0
0x025F	0x3E01      	ADDLW      1
0x0260	0x00F2      	MOVWF      R1+1
0x0261	0x0869      	MOVF       _f1+1, 0
0x0262	0x0672      	XORWF      R1+1, 0
0x0263	0x1D03      	BTFSS      STATUS, 2
0x0264	0x2A67      	GOTO       L__main72
0x0265	0x0871      	MOVF       R1, 0
0x0266	0x0668      	XORWF      _f1, 0
L__main72:
0x0267	0x1D03      	BTFSS      STATUS, 2
0x0268	0x2A6D      	GOTO       L_main4
0x0269	0x0868      	MOVF       _f1, 0
0x026A	0x00E6      	MOVWF      _xh1
0x026B	0x0869      	MOVF       _f1+1, 0
0x026C	0x00E7      	MOVWF      _xh1+1
L_main4:
;MyProject.c,46 :: 		if(f1==0){xh1=0;f1=1;}
0x026D	0x3000      	MOVLW      0
0x026E	0x0669      	XORWF      _f1+1, 0
0x026F	0x1D03      	BTFSS      STATUS, 2
0x0270	0x2A73      	GOTO       L__main73
0x0271	0x3000      	MOVLW      0
0x0272	0x0668      	XORWF      _f1, 0
L__main73:
0x0273	0x1D03      	BTFSS      STATUS, 2
0x0274	0x2A7B      	GOTO       L_main5
0x0275	0x01E6      	CLRF       _xh1
0x0276	0x01E7      	CLRF       _xh1+1
0x0277	0x3001      	MOVLW      1
0x0278	0x00E8      	MOVWF      _f1
0x0279	0x3000      	MOVLW      0
0x027A	0x00E9      	MOVWF      _f1+1
L_main5:
;MyProject.c,47 :: 		if(f1==1){xh1=0;}
0x027B	0x3000      	MOVLW      0
0x027C	0x0669      	XORWF      _f1+1, 0
0x027D	0x1D03      	BTFSS      STATUS, 2
0x027E	0x2A81      	GOTO       L__main74
0x027F	0x3001      	MOVLW      1
0x0280	0x0668      	XORWF      _f1, 0
L__main74:
0x0281	0x1D03      	BTFSS      STATUS, 2
0x0282	0x2A85      	GOTO       L_main6
0x0283	0x01E6      	CLRF       _xh1
0x0284	0x01E7      	CLRF       _xh1+1
L_main6:
;MyProject.c,48 :: 		d1=f1-xh1;
0x0285	0x0866      	MOVF       _xh1, 0
0x0286	0x0268      	SUBWF      _f1, 0
0x0287	0x00DC      	MOVWF      _d1
0x0288	0x0867      	MOVF       _xh1+1, 0
0x0289	0x1C03      	BTFSS      STATUS, 0
0x028A	0x3E01      	ADDLW      1
0x028B	0x0269      	SUBWF      _f1+1, 0
0x028C	0x00DD      	MOVWF      _d1+1
;MyProject.c,49 :: 		xh2=f1/10;
0x028D	0x300A      	MOVLW      10
0x028E	0x00F4      	MOVWF      R4
0x028F	0x3000      	MOVLW      0
0x0290	0x00F5      	MOVWF      R4+1
0x0291	0x0868      	MOVF       _f1, 0
0x0292	0x00F0      	MOVWF      R0
0x0293	0x0869      	MOVF       _f1+1, 0
0x0294	0x00F1      	MOVWF      R0+1
0x0295	0x20AD      	CALL       _Div_16x16_S
0x0296	0x0870      	MOVF       R0, 0
0x0297	0x00DA      	MOVWF      _xh2
0x0298	0x0871      	MOVF       R0+1, 0
0x0299	0x00DB      	MOVWF      _xh2+1
;MyProject.c,50 :: 		Lcd_chr(2,3,sec[d1]);
0x029A	0x3002      	MOVLW      2
0x029B	0x1683      	BSF        STATUS, 5
0x029C	0x00A2      	MOVWF      FARG_Lcd_Chr_row
0x029D	0x3003      	MOVLW      3
0x029E	0x00A3      	MOVWF      FARG_Lcd_Chr_column
0x029F	0x1283      	BCF        STATUS, 5
0x02A0	0x085C      	MOVF       _d1, 0
0x02A1	0x00F0      	MOVWF      R0
0x02A2	0x085D      	MOVF       _d1+1, 0
0x02A3	0x00F1      	MOVWF      R0+1
0x02A4	0x0DF0      	RLF        R0, 1
0x02A5	0x0DF1      	RLF        R0+1, 1
0x02A6	0x1070      	BCF        R0, 0
0x02A7	0x0870      	MOVF       R0, 0
0x02A8	0x3E20      	ADDLW      _sec
0x02A9	0x0084      	MOVWF      FSR
0x02AA	0x0800      	MOVF       INDF, 0
0x02AB	0x1683      	BSF        STATUS, 5
0x02AC	0x00A4      	MOVWF      FARG_Lcd_Chr_out_char
0x02AD	0x2116      	CALL       _Lcd_Chr
;MyProject.c,51 :: 		Lcd_chr(2,2,sec1[xh2]);
0x02AE	0x3002      	MOVLW      2
0x02AF	0x1683      	BSF        STATUS, 5
0x02B0	0x00A2      	MOVWF      FARG_Lcd_Chr_row
0x02B1	0x3002      	MOVLW      2
0x02B2	0x00A3      	MOVWF      FARG_Lcd_Chr_column
0x02B3	0x1283      	BCF        STATUS, 5
0x02B4	0x085A      	MOVF       _xh2, 0
0x02B5	0x00F0      	MOVWF      R0
0x02B6	0x085B      	MOVF       _xh2+1, 0
0x02B7	0x00F1      	MOVWF      R0+1
0x02B8	0x0DF0      	RLF        R0, 1
0x02B9	0x0DF1      	RLF        R0+1, 1
0x02BA	0x1070      	BCF        R0, 0
0x02BB	0x0870      	MOVF       R0, 0
0x02BC	0x3E34      	ADDLW      _sec1
0x02BD	0x0084      	MOVWF      FSR
0x02BE	0x0800      	MOVF       INDF, 0
0x02BF	0x1683      	BSF        STATUS, 5
0x02C0	0x00A4      	MOVWF      FARG_Lcd_Chr_out_char
0x02C1	0x2116      	CALL       _Lcd_Chr
;MyProject.c,53 :: 		while(x<60){
L_main7:
0x02C2	0x3080      	MOVLW      128
0x02C3	0x0663      	XORWF      _x+1, 0
0x02C4	0x00F0      	MOVWF      R0
0x02C5	0x3080      	MOVLW      128
0x02C6	0x0270      	SUBWF      R0, 0
0x02C7	0x1D03      	BTFSS      STATUS, 2
0x02C8	0x2ACB      	GOTO       L__main75
0x02C9	0x303C      	MOVLW      60
0x02CA	0x0262      	SUBWF      _x, 0
L__main75:
0x02CB	0x1803      	BTFSC      STATUS, 0
0x02CC	0x2BCF      	GOTO       L_main8
;MyProject.c,54 :: 		x2=x-(x1*10);
0x02CD	0x085E      	MOVF       _x1, 0
0x02CE	0x00F0      	MOVWF      R0
0x02CF	0x085F      	MOVF       _x1+1, 0
0x02D0	0x00F1      	MOVWF      R0+1
0x02D1	0x300A      	MOVLW      10
0x02D2	0x00F4      	MOVWF      R4
0x02D3	0x3000      	MOVLW      0
0x02D4	0x00F5      	MOVWF      R4+1
0x02D5	0x214E      	CALL       _Mul_16x16_U
0x02D6	0x0870      	MOVF       R0, 0
0x02D7	0x0262      	SUBWF      _x, 0
0x02D8	0x00E0      	MOVWF      _x2
0x02D9	0x0871      	MOVF       R0+1, 0
0x02DA	0x1C03      	BTFSS      STATUS, 0
0x02DB	0x3E01      	ADDLW      1
0x02DC	0x0263      	SUBWF      _x+1, 0
0x02DD	0x00E1      	MOVWF      _x2+1
;MyProject.c,55 :: 		if(x<0){x=59;}
0x02DE	0x3080      	MOVLW      128
0x02DF	0x0663      	XORWF      _x+1, 0
0x02E0	0x00F0      	MOVWF      R0
0x02E1	0x3080      	MOVLW      128
0x02E2	0x0270      	SUBWF      R0, 0
0x02E3	0x1D03      	BTFSS      STATUS, 2
0x02E4	0x2AE7      	GOTO       L__main76
0x02E5	0x3000      	MOVLW      0
0x02E6	0x0262      	SUBWF      _x, 0
L__main76:
0x02E7	0x1803      	BTFSC      STATUS, 0
0x02E8	0x2AED      	GOTO       L_main9
0x02E9	0x303B      	MOVLW      59
0x02EA	0x00E2      	MOVWF      _x
0x02EB	0x3000      	MOVLW      0
0x02EC	0x00E3      	MOVWF      _x+1
L_main9:
;MyProject.c,56 :: 		if(x>59){x=0;}
0x02ED	0x3080      	MOVLW      128
0x02EE	0x00F0      	MOVWF      R0
0x02EF	0x3080      	MOVLW      128
0x02F0	0x0663      	XORWF      _x+1, 0
0x02F1	0x0270      	SUBWF      R0, 0
0x02F2	0x1D03      	BTFSS      STATUS, 2
0x02F3	0x2AF6      	GOTO       L__main77
0x02F4	0x0862      	MOVF       _x, 0
0x02F5	0x3C3B      	SUBLW      59
L__main77:
0x02F6	0x1803      	BTFSC      STATUS, 0
0x02F7	0x2AFA      	GOTO       L_main10
0x02F8	0x01E2      	CLRF       _x
0x02F9	0x01E3      	CLRF       _x+1
L_main10:
;MyProject.c,57 :: 		x1=x/10;
0x02FA	0x300A      	MOVLW      10
0x02FB	0x00F4      	MOVWF      R4
0x02FC	0x3000      	MOVLW      0
0x02FD	0x00F5      	MOVWF      R4+1
0x02FE	0x0862      	MOVF       _x, 0
0x02FF	0x00F0      	MOVWF      R0
0x0300	0x0863      	MOVF       _x+1, 0
0x0301	0x00F1      	MOVWF      R0+1
0x0302	0x20AD      	CALL       _Div_16x16_S
0x0303	0x0870      	MOVF       R0, 0
0x0304	0x00DE      	MOVWF      _x1
0x0305	0x0871      	MOVF       R0+1, 0
0x0306	0x00DF      	MOVWF      _x1+1
;MyProject.c,58 :: 		Lcd_chr(2,9,sec[x2]);
0x0307	0x3002      	MOVLW      2
0x0308	0x1683      	BSF        STATUS, 5
0x0309	0x00A2      	MOVWF      FARG_Lcd_Chr_row
0x030A	0x3009      	MOVLW      9
0x030B	0x00A3      	MOVWF      FARG_Lcd_Chr_column
0x030C	0x1283      	BCF        STATUS, 5
0x030D	0x0860      	MOVF       _x2, 0
0x030E	0x00F0      	MOVWF      R0
0x030F	0x0861      	MOVF       _x2+1, 0
0x0310	0x00F1      	MOVWF      R0+1
0x0311	0x0DF0      	RLF        R0, 1
0x0312	0x0DF1      	RLF        R0+1, 1
0x0313	0x1070      	BCF        R0, 0
0x0314	0x0870      	MOVF       R0, 0
0x0315	0x3E20      	ADDLW      _sec
0x0316	0x0084      	MOVWF      FSR
0x0317	0x0800      	MOVF       INDF, 0
0x0318	0x1683      	BSF        STATUS, 5
0x0319	0x00A4      	MOVWF      FARG_Lcd_Chr_out_char
0x031A	0x2116      	CALL       _Lcd_Chr
;MyProject.c,59 :: 		Lcd_chr(2,8,sec1[x1]);
0x031B	0x3002      	MOVLW      2
0x031C	0x1683      	BSF        STATUS, 5
0x031D	0x00A2      	MOVWF      FARG_Lcd_Chr_row
0x031E	0x3008      	MOVLW      8
0x031F	0x00A3      	MOVWF      FARG_Lcd_Chr_column
0x0320	0x1283      	BCF        STATUS, 5
0x0321	0x085E      	MOVF       _x1, 0
0x0322	0x00F0      	MOVWF      R0
0x0323	0x085F      	MOVF       _x1+1, 0
0x0324	0x00F1      	MOVWF      R0+1
0x0325	0x0DF0      	RLF        R0, 1
0x0326	0x0DF1      	RLF        R0+1, 1
0x0327	0x1070      	BCF        R0, 0
0x0328	0x0870      	MOVF       R0, 0
0x0329	0x3E34      	ADDLW      _sec1
0x032A	0x0084      	MOVWF      FSR
0x032B	0x0800      	MOVF       INDF, 0
0x032C	0x1683      	BSF        STATUS, 5
0x032D	0x00A4      	MOVWF      FARG_Lcd_Chr_out_char
0x032E	0x2116      	CALL       _Lcd_Chr
;MyProject.c,61 :: 		for (i=0;i<60;i++){
0x032F	0x01ED      	CLRF       _i
0x0330	0x01EE      	CLRF       _i+1
L_main11:
0x0331	0x3080      	MOVLW      128
0x0332	0x066E      	XORWF      _i+1, 0
0x0333	0x00F0      	MOVWF      R0
0x0334	0x3080      	MOVLW      128
0x0335	0x0270      	SUBWF      R0, 0
0x0336	0x1D03      	BTFSS      STATUS, 2
0x0337	0x2B3A      	GOTO       L__main78
0x0338	0x303C      	MOVLW      60
0x0339	0x026D      	SUBWF      _i, 0
L__main78:
0x033A	0x1803      	BTFSC      STATUS, 0
0x033B	0x2BCB      	GOTO       L_main12
;MyProject.c,63 :: 		if(i==m+10){m=i;}
0x033C	0x300A      	MOVLW      10
0x033D	0x0756      	ADDWF      _m, 0
0x033E	0x00F1      	MOVWF      R1
0x033F	0x0857      	MOVF       _m+1, 0
0x0340	0x1803      	BTFSC      STATUS, 0
0x0341	0x3E01      	ADDLW      1
0x0342	0x00F2      	MOVWF      R1+1
0x0343	0x086E      	MOVF       _i+1, 0
0x0344	0x0672      	XORWF      R1+1, 0
0x0345	0x1D03      	BTFSS      STATUS, 2
0x0346	0x2B49      	GOTO       L__main79
0x0347	0x0871      	MOVF       R1, 0
0x0348	0x066D      	XORWF      _i, 0
L__main79:
0x0349	0x1D03      	BTFSS      STATUS, 2
0x034A	0x2B4F      	GOTO       L_main14
0x034B	0x086D      	MOVF       _i, 0
0x034C	0x00D6      	MOVWF      _m
0x034D	0x086E      	MOVF       _i+1, 0
0x034E	0x00D7      	MOVWF      _m+1
L_main14:
;MyProject.c,64 :: 		if(i==0){m=i;}
0x034F	0x3000      	MOVLW      0
0x0350	0x066E      	XORWF      _i+1, 0
0x0351	0x1D03      	BTFSS      STATUS, 2
0x0352	0x2B55      	GOTO       L__main80
0x0353	0x3000      	MOVLW      0
0x0354	0x066D      	XORWF      _i, 0
L__main80:
0x0355	0x1D03      	BTFSS      STATUS, 2
0x0356	0x2B5B      	GOTO       L_main15
0x0357	0x086D      	MOVF       _i, 0
0x0358	0x00D6      	MOVWF      _m
0x0359	0x086E      	MOVF       _i+1, 0
0x035A	0x00D7      	MOVWF      _m+1
L_main15:
;MyProject.c,65 :: 		h=i-m;
0x035B	0x0856      	MOVF       _m, 0
0x035C	0x026D      	SUBWF      _i, 0
0x035D	0x00EB      	MOVWF      _h
0x035E	0x0857      	MOVF       _m+1, 0
0x035F	0x1C03      	BTFSS      STATUS, 0
0x0360	0x3E01      	ADDLW      1
0x0361	0x026E      	SUBWF      _i+1, 0
0x0362	0x00EC      	MOVWF      _h+1
;MyProject.c,66 :: 		k=i/10;
0x0363	0x300A      	MOVLW      10
0x0364	0x00F4      	MOVWF      R4
0x0365	0x3000      	MOVLW      0
0x0366	0x00F5      	MOVWF      R4+1
0x0367	0x086D      	MOVF       _i, 0
0x0368	0x00F0      	MOVWF      R0
0x0369	0x086E      	MOVF       _i+1, 0
0x036A	0x00F1      	MOVWF      R0+1
0x036B	0x20AD      	CALL       _Div_16x16_S
0x036C	0x0870      	MOVF       R0, 0
0x036D	0x00D8      	MOVWF      _k
0x036E	0x0871      	MOVF       R0+1, 0
0x036F	0x00D9      	MOVWF      _k+1
;MyProject.c,67 :: 		Lcd_chr(2,14,sec1[k]);
0x0370	0x3002      	MOVLW      2
0x0371	0x1683      	BSF        STATUS, 5
0x0372	0x00A2      	MOVWF      FARG_Lcd_Chr_row
0x0373	0x300E      	MOVLW      14
0x0374	0x00A3      	MOVWF      FARG_Lcd_Chr_column
0x0375	0x0870      	MOVF       R0, 0
0x0376	0x00F2      	MOVWF      R2
0x0377	0x0871      	MOVF       R0+1, 0
0x0378	0x00F3      	MOVWF      R2+1
0x0379	0x0DF2      	RLF        R2, 1
0x037A	0x0DF3      	RLF        R2+1, 1
0x037B	0x1072      	BCF        R2, 0
0x037C	0x0872      	MOVF       R2, 0
0x037D	0x3E34      	ADDLW      _sec1
0x037E	0x0084      	MOVWF      FSR
0x037F	0x0800      	MOVF       INDF, 0
0x0380	0x00A4      	MOVWF      FARG_Lcd_Chr_out_char
0x0381	0x2116      	CALL       _Lcd_Chr
;MyProject.c,68 :: 		Lcd_chr(2,15,sec[h]);
0x0382	0x3002      	MOVLW      2
0x0383	0x1683      	BSF        STATUS, 5
0x0384	0x00A2      	MOVWF      FARG_Lcd_Chr_row
0x0385	0x300F      	MOVLW      15
0x0386	0x00A3      	MOVWF      FARG_Lcd_Chr_column
0x0387	0x1283      	BCF        STATUS, 5
0x0388	0x086B      	MOVF       _h, 0
0x0389	0x00F0      	MOVWF      R0
0x038A	0x086C      	MOVF       _h+1, 0
0x038B	0x00F1      	MOVWF      R0+1
0x038C	0x0DF0      	RLF        R0, 1
0x038D	0x0DF1      	RLF        R0+1, 1
0x038E	0x1070      	BCF        R0, 0
0x038F	0x0870      	MOVF       R0, 0
0x0390	0x3E20      	ADDLW      _sec
0x0391	0x0084      	MOVWF      FSR
0x0392	0x0800      	MOVF       INDF, 0
0x0393	0x1683      	BSF        STATUS, 5
0x0394	0x00A4      	MOVWF      FARG_Lcd_Chr_out_char
0x0395	0x2116      	CALL       _Lcd_Chr
;MyProject.c,69 :: 		for(mov=0;mov<10;mov++){delay_ms(100); if (porta.f0==1){delay_ms(400);goto loop1;}}
0x0396	0x1683      	BSF        STATUS, 5
0x0397	0x01A0      	CLRF       _mov
0x0398	0x01A1      	CLRF       _mov+1
L_main16:
0x0399	0x3080      	MOVLW      128
0x039A	0x0621      	XORWF      _mov+1, 0
0x039B	0x00F0      	MOVWF      R0
0x039C	0x3080      	MOVLW      128
0x039D	0x0270      	SUBWF      R0, 0
0x039E	0x1D03      	BTFSS      STATUS, 2
0x039F	0x2BA2      	GOTO       L__main81
0x03A0	0x300A      	MOVLW      10
0x03A1	0x0220      	SUBWF      _mov, 0
L__main81:
0x03A2	0x1803      	BTFSC      STATUS, 0
0x03A3	0x2BC6      	GOTO       L_main17
0x03A4	0x3002      	MOVLW      2
0x03A5	0x00FB      	MOVWF      R11
0x03A6	0x3004      	MOVLW      4
0x03A7	0x00FC      	MOVWF      R12
0x03A8	0x30BA      	MOVLW      186
0x03A9	0x00FD      	MOVWF      R13
L_main19:
0x03AA	0x0BFD      	DECFSZ     R13, 1
0x03AB	0x2BAA      	GOTO       L_main19
0x03AC	0x0BFC      	DECFSZ     R12, 1
0x03AD	0x2BAA      	GOTO       L_main19
0x03AE	0x0BFB      	DECFSZ     R11, 1
0x03AF	0x2BAA      	GOTO       L_main19
0x03B0	0x0000      	NOP
0x03B1	0x1283      	BCF        STATUS, 5
0x03B2	0x1C05      	BTFSS      PORTA, 0
0x03B3	0x2BC1      	GOTO       L_main20
0x03B4	0x3005      	MOVLW      5
0x03B5	0x00FB      	MOVWF      R11
0x03B6	0x300F      	MOVLW      15
0x03B7	0x00FC      	MOVWF      R12
0x03B8	0x30F1      	MOVLW      241
0x03B9	0x00FD      	MOVWF      R13
L_main21:
0x03BA	0x0BFD      	DECFSZ     R13, 1
0x03BB	0x2BBA      	GOTO       L_main21
0x03BC	0x0BFC      	DECFSZ     R12, 1
0x03BD	0x2BBA      	GOTO       L_main21
0x03BE	0x0BFB      	DECFSZ     R11, 1
0x03BF	0x2BBA      	GOTO       L_main21
0x03C0	0x2BD4      	GOTO       ___main_loop1
L_main20:
0x03C1	0x1683      	BSF        STATUS, 5
0x03C2	0x0AA0      	INCF       _mov, 1
0x03C3	0x1903      	BTFSC      STATUS, 2
0x03C4	0x0AA1      	INCF       _mov+1, 1
0x03C5	0x2B99      	GOTO       L_main16
L_main17:
;MyProject.c,61 :: 		for (i=0;i<60;i++){
0x03C6	0x1283      	BCF        STATUS, 5
0x03C7	0x0AED      	INCF       _i, 1
0x03C8	0x1903      	BTFSC      STATUS, 2
0x03C9	0x0AEE      	INCF       _i+1, 1
;MyProject.c,71 :: 		}
0x03CA	0x2B31      	GOTO       L_main11
L_main12:
;MyProject.c,72 :: 		x++;}
0x03CB	0x0AE2      	INCF       _x, 1
0x03CC	0x1903      	BTFSC      STATUS, 2
0x03CD	0x0AE3      	INCF       _x+1, 1
0x03CE	0x2AC2      	GOTO       L_main7
L_main8:
;MyProject.c,73 :: 		}
0x03CF	0x2A4F      	GOTO       L_main2
L_main3:
;MyProject.c,74 :: 		f1++;           }
0x03D0	0x0AE8      	INCF       _f1, 1
0x03D1	0x1903      	BTFSC      STATUS, 2
0x03D2	0x0AE9      	INCF       _f1+1, 1
0x03D3	0x2A4F      	GOTO       L_main0
;MyProject.c,76 :: 		for(;;){loop1:
L_main22:
___main_loop1:
;MyProject.c,77 :: 		if (porta.f0==1){goto loop2;delay_ms(400);}
0x03D4	0x1C05      	BTFSS      PORTA, 0
0x03D5	0x2BDD      	GOTO       L_main25
0x03D6	0x2A1E      	GOTO       ___main_loop2
L_main26:
0x03D7	0x0BFD      	DECFSZ     R13, 1
0x03D8	0x2BD7      	GOTO       L_main26
0x03D9	0x0BFC      	DECFSZ     R12, 1
0x03DA	0x2BD7      	GOTO       L_main26
0x03DB	0x0BFB      	DECFSZ     R11, 1
0x03DC	0x2BD7      	GOTO       L_main26
L_main25:
;MyProject.c,78 :: 		if (porta.f1==1){goto looph; delay_ms(400);}
0x03DD	0x1C85      	BTFSS      PORTA, 1
0x03DE	0x2BE6      	GOTO       L_main27
0x03DF	0x2C50      	GOTO       ___main_looph
L_main28:
0x03E0	0x0BFD      	DECFSZ     R13, 1
0x03E1	0x2BE0      	GOTO       L_main28
0x03E2	0x0BFC      	DECFSZ     R12, 1
0x03E3	0x2BE0      	GOTO       L_main28
0x03E4	0x0BFB      	DECFSZ     R11, 1
0x03E5	0x2BE0      	GOTO       L_main28
L_main27:
;MyProject.c,82 :: 		if(x==l+10){l=x;}
0x03E6	0x300A      	MOVLW      10
0x03E7	0x074E      	ADDWF      _l, 0
0x03E8	0x00F1      	MOVWF      R1
0x03E9	0x084F      	MOVF       _l+1, 0
0x03EA	0x1803      	BTFSC      STATUS, 0
0x03EB	0x3E01      	ADDLW      1
0x03EC	0x00F2      	MOVWF      R1+1
0x03ED	0x0863      	MOVF       _x+1, 0
0x03EE	0x0672      	XORWF      R1+1, 0
0x03EF	0x1D03      	BTFSS      STATUS, 2
0x03F0	0x2BF3      	GOTO       L__main82
0x03F1	0x0871      	MOVF       R1, 0
0x03F2	0x0662      	XORWF      _x, 0
L__main82:
0x03F3	0x1D03      	BTFSS      STATUS, 2
0x03F4	0x2BF9      	GOTO       L_main29
0x03F5	0x0862      	MOVF       _x, 0
0x03F6	0x00CE      	MOVWF      _l
0x03F7	0x0863      	MOVF       _x+1, 0
0x03F8	0x00CF      	MOVWF      _l+1
L_main29:
;MyProject.c,83 :: 		if(x==0){l=x;}
0x03F9	0x3000      	MOVLW      0
0x03FA	0x0663      	XORWF      _x+1, 0
0x03FB	0x1D03      	BTFSS      STATUS, 2
0x03FC	0x2BFF      	GOTO       L__main83
0x03FD	0x3000      	MOVLW      0
0x03FE	0x0662      	XORWF      _x, 0
L__main83:
0x03FF	0x1D03      	BTFSS      STATUS, 2
0x0400	0x2C05      	GOTO       L_main30
0x0401	0x0862      	MOVF       _x, 0
0x0402	0x00CE      	MOVWF      _l
0x0403	0x0863      	MOVF       _x+1, 0
0x0404	0x00CF      	MOVWF      _l+1
L_main30:
;MyProject.c,84 :: 		x2=x-l;
0x0405	0x084E      	MOVF       _l, 0
0x0406	0x0262      	SUBWF      _x, 0
0x0407	0x00E0      	MOVWF      _x2
0x0408	0x084F      	MOVF       _l+1, 0
0x0409	0x1C03      	BTFSS      STATUS, 0
0x040A	0x3E01      	ADDLW      1
0x040B	0x0263      	SUBWF      _x+1, 0
0x040C	0x00E1      	MOVWF      _x2+1
;MyProject.c,85 :: 		x1=x/10;
0x040D	0x300A      	MOVLW      10
0x040E	0x00F4      	MOVWF      R4
0x040F	0x3000      	MOVLW      0
0x0410	0x00F5      	MOVWF      R4+1
0x0411	0x0862      	MOVF       _x, 0
0x0412	0x00F0      	MOVWF      R0
0x0413	0x0863      	MOVF       _x+1, 0
0x0414	0x00F1      	MOVWF      R0+1
0x0415	0x20AD      	CALL       _Div_16x16_S
0x0416	0x0870      	MOVF       R0, 0
0x0417	0x00DE      	MOVWF      _x1
0x0418	0x0871      	MOVF       R0+1, 0
0x0419	0x00DF      	MOVWF      _x1+1
;MyProject.c,86 :: 		Lcd_chr(2,9,sec[x2]);
0x041A	0x3002      	MOVLW      2
0x041B	0x1683      	BSF        STATUS, 5
0x041C	0x00A2      	MOVWF      FARG_Lcd_Chr_row
0x041D	0x3009      	MOVLW      9
0x041E	0x00A3      	MOVWF      FARG_Lcd_Chr_column
0x041F	0x1283      	BCF        STATUS, 5
0x0420	0x0860      	MOVF       _x2, 0
0x0421	0x00F0      	MOVWF      R0
0x0422	0x0861      	MOVF       _x2+1, 0
0x0423	0x00F1      	MOVWF      R0+1
0x0424	0x0DF0      	RLF        R0, 1
0x0425	0x0DF1      	RLF        R0+1, 1
0x0426	0x1070      	BCF        R0, 0
0x0427	0x0870      	MOVF       R0, 0
0x0428	0x3E20      	ADDLW      _sec
0x0429	0x0084      	MOVWF      FSR
0x042A	0x0800      	MOVF       INDF, 0
0x042B	0x1683      	BSF        STATUS, 5
0x042C	0x00A4      	MOVWF      FARG_Lcd_Chr_out_char
0x042D	0x2116      	CALL       _Lcd_Chr
;MyProject.c,87 :: 		Lcd_chr(2,8,sec1[x1]);
0x042E	0x3002      	MOVLW      2
0x042F	0x1683      	BSF        STATUS, 5
0x0430	0x00A2      	MOVWF      FARG_Lcd_Chr_row
0x0431	0x3008      	MOVLW      8
0x0432	0x00A3      	MOVWF      FARG_Lcd_Chr_column
0x0433	0x1283      	BCF        STATUS, 5
0x0434	0x085E      	MOVF       _x1, 0
0x0435	0x00F0      	MOVWF      R0
0x0436	0x085F      	MOVF       _x1+1, 0
0x0437	0x00F1      	MOVWF      R0+1
0x0438	0x0DF0      	RLF        R0, 1
0x0439	0x0DF1      	RLF        R0+1, 1
0x043A	0x1070      	BCF        R0, 0
0x043B	0x0870      	MOVF       R0, 0
0x043C	0x3E34      	ADDLW      _sec1
0x043D	0x0084      	MOVWF      FSR
0x043E	0x0800      	MOVF       INDF, 0
0x043F	0x1683      	BSF        STATUS, 5
0x0440	0x00A4      	MOVWF      FARG_Lcd_Chr_out_char
0x0441	0x2116      	CALL       _Lcd_Chr
;MyProject.c,90 :: 		delay_ms(100);
0x0442	0x3002      	MOVLW      2
0x0443	0x00FB      	MOVWF      R11
0x0444	0x3004      	MOVLW      4
0x0445	0x00FC      	MOVWF      R12
0x0446	0x30BA      	MOVLW      186
0x0447	0x00FD      	MOVWF      R13
L_main31:
0x0448	0x0BFD      	DECFSZ     R13, 1
0x0449	0x2C48      	GOTO       L_main31
0x044A	0x0BFC      	DECFSZ     R12, 1
0x044B	0x2C48      	GOTO       L_main31
0x044C	0x0BFB      	DECFSZ     R11, 1
0x044D	0x2C48      	GOTO       L_main31
0x044E	0x0000      	NOP
;MyProject.c,93 :: 		}
0x044F	0x2BD4      	GOTO       L_main22
;MyProject.c,95 :: 		for(;;){looph:
L_main32:
___main_looph:
;MyProject.c,96 :: 		if(f1==13){f1=1;}
0x0450	0x3000      	MOVLW      0
0x0451	0x0669      	XORWF      _f1+1, 0
0x0452	0x1D03      	BTFSS      STATUS, 2
0x0453	0x2C56      	GOTO       L__main84
0x0454	0x300D      	MOVLW      13
0x0455	0x0668      	XORWF      _f1, 0
L__main84:
0x0456	0x1D03      	BTFSS      STATUS, 2
0x0457	0x2C5C      	GOTO       L_main35
0x0458	0x3001      	MOVLW      1
0x0459	0x00E8      	MOVWF      _f1
0x045A	0x3000      	MOVLW      0
0x045B	0x00E9      	MOVWF      _f1+1
L_main35:
;MyProject.c,97 :: 		if(f1<=0){f1=12;}
0x045C	0x3080      	MOVLW      128
0x045D	0x00F0      	MOVWF      R0
0x045E	0x3080      	MOVLW      128
0x045F	0x0669      	XORWF      _f1+1, 0
0x0460	0x0270      	SUBWF      R0, 0
0x0461	0x1D03      	BTFSS      STATUS, 2
0x0462	0x2C65      	GOTO       L__main85
0x0463	0x0868      	MOVF       _f1, 0
0x0464	0x3C00      	SUBLW      0
L__main85:
0x0465	0x1C03      	BTFSS      STATUS, 0
0x0466	0x2C6B      	GOTO       L_main36
0x0467	0x300C      	MOVLW      12
0x0468	0x00E8      	MOVWF      _f1
0x0469	0x3000      	MOVLW      0
0x046A	0x00E9      	MOVWF      _f1+1
L_main36:
;MyProject.c,98 :: 		if(f1==xh1+10){xh1=f1;}
0x046B	0x300A      	MOVLW      10
0x046C	0x0766      	ADDWF      _xh1, 0
0x046D	0x00F1      	MOVWF      R1
0x046E	0x0867      	MOVF       _xh1+1, 0
0x046F	0x1803      	BTFSC      STATUS, 0
0x0470	0x3E01      	ADDLW      1
0x0471	0x00F2      	MOVWF      R1+1
0x0472	0x0869      	MOVF       _f1+1, 0
0x0473	0x0672      	XORWF      R1+1, 0
0x0474	0x1D03      	BTFSS      STATUS, 2
0x0475	0x2C78      	GOTO       L__main86
0x0476	0x0871      	MOVF       R1, 0
0x0477	0x0668      	XORWF      _f1, 0
L__main86:
0x0478	0x1D03      	BTFSS      STATUS, 2
0x0479	0x2C7E      	GOTO       L_main37
0x047A	0x0868      	MOVF       _f1, 0
0x047B	0x00E6      	MOVWF      _xh1
0x047C	0x0869      	MOVF       _f1+1, 0
0x047D	0x00E7      	MOVWF      _xh1+1
L_main37:
;MyProject.c,99 :: 		if(f1==1){xh1=0;}
0x047E	0x3000      	MOVLW      0
0x047F	0x0669      	XORWF      _f1+1, 0
0x0480	0x1D03      	BTFSS      STATUS, 2
0x0481	0x2C84      	GOTO       L__main87
0x0482	0x3001      	MOVLW      1
0x0483	0x0668      	XORWF      _f1, 0
L__main87:
0x0484	0x1D03      	BTFSS      STATUS, 2
0x0485	0x2C88      	GOTO       L_main38
0x0486	0x01E6      	CLRF       _xh1
0x0487	0x01E7      	CLRF       _xh1+1
L_main38:
;MyProject.c,100 :: 		d1=f1-xh1;
0x0488	0x0866      	MOVF       _xh1, 0
0x0489	0x0268      	SUBWF      _f1, 0
0x048A	0x00DC      	MOVWF      _d1
0x048B	0x0867      	MOVF       _xh1+1, 0
0x048C	0x1C03      	BTFSS      STATUS, 0
0x048D	0x3E01      	ADDLW      1
0x048E	0x0269      	SUBWF      _f1+1, 0
0x048F	0x00DD      	MOVWF      _d1+1
;MyProject.c,101 :: 		xh2=f1/10;
0x0490	0x300A      	MOVLW      10
0x0491	0x00F4      	MOVWF      R4
0x0492	0x3000      	MOVLW      0
0x0493	0x00F5      	MOVWF      R4+1
0x0494	0x0868      	MOVF       _f1, 0
0x0495	0x00F0      	MOVWF      R0
0x0496	0x0869      	MOVF       _f1+1, 0
0x0497	0x00F1      	MOVWF      R0+1
0x0498	0x20AD      	CALL       _Div_16x16_S
0x0499	0x0870      	MOVF       R0, 0
0x049A	0x00DA      	MOVWF      _xh2
0x049B	0x0871      	MOVF       R0+1, 0
0x049C	0x00DB      	MOVWF      _xh2+1
;MyProject.c,102 :: 		Lcd_chr(2,3,sec[d1]);
0x049D	0x3002      	MOVLW      2
0x049E	0x1683      	BSF        STATUS, 5
0x049F	0x00A2      	MOVWF      FARG_Lcd_Chr_row
0x04A0	0x3003      	MOVLW      3
0x04A1	0x00A3      	MOVWF      FARG_Lcd_Chr_column
0x04A2	0x1283      	BCF        STATUS, 5
0x04A3	0x085C      	MOVF       _d1, 0
0x04A4	0x00F0      	MOVWF      R0
0x04A5	0x085D      	MOVF       _d1+1, 0
0x04A6	0x00F1      	MOVWF      R0+1
0x04A7	0x0DF0      	RLF        R0, 1
0x04A8	0x0DF1      	RLF        R0+1, 1
0x04A9	0x1070      	BCF        R0, 0
0x04AA	0x0870      	MOVF       R0, 0
0x04AB	0x3E20      	ADDLW      _sec
0x04AC	0x0084      	MOVWF      FSR
0x04AD	0x0800      	MOVF       INDF, 0
0x04AE	0x1683      	BSF        STATUS, 5
0x04AF	0x00A4      	MOVWF      FARG_Lcd_Chr_out_char
0x04B0	0x2116      	CALL       _Lcd_Chr
;MyProject.c,103 :: 		Lcd_chr(2,2,sec1[xh2]);
0x04B1	0x3002      	MOVLW      2
0x04B2	0x1683      	BSF        STATUS, 5
0x04B3	0x00A2      	MOVWF      FARG_Lcd_Chr_row
0x04B4	0x3002      	MOVLW      2
0x04B5	0x00A3      	MOVWF      FARG_Lcd_Chr_column
0x04B6	0x1283      	BCF        STATUS, 5
0x04B7	0x085A      	MOVF       _xh2, 0
0x04B8	0x00F0      	MOVWF      R0
0x04B9	0x085B      	MOVF       _xh2+1, 0
0x04BA	0x00F1      	MOVWF      R0+1
0x04BB	0x0DF0      	RLF        R0, 1
0x04BC	0x0DF1      	RLF        R0+1, 1
0x04BD	0x1070      	BCF        R0, 0
0x04BE	0x0870      	MOVF       R0, 0
0x04BF	0x3E34      	ADDLW      _sec1
0x04C0	0x0084      	MOVWF      FSR
0x04C1	0x0800      	MOVF       INDF, 0
0x04C2	0x1683      	BSF        STATUS, 5
0x04C3	0x00A4      	MOVWF      FARG_Lcd_Chr_out_char
0x04C4	0x2116      	CALL       _Lcd_Chr
;MyProject.c,104 :: 		for(mov=0;mov<10;mov++){
0x04C5	0x1683      	BSF        STATUS, 5
0x04C6	0x01A0      	CLRF       _mov
0x04C7	0x01A1      	CLRF       _mov+1
L_main39:
0x04C8	0x3080      	MOVLW      128
0x04C9	0x0621      	XORWF      _mov+1, 0
0x04CA	0x00F0      	MOVWF      R0
0x04CB	0x3080      	MOVLW      128
0x04CC	0x0270      	SUBWF      R0, 0
0x04CD	0x1D03      	BTFSS      STATUS, 2
0x04CE	0x2CD1      	GOTO       L__main88
0x04CF	0x300A      	MOVLW      10
0x04D0	0x0220      	SUBWF      _mov, 0
L__main88:
0x04D1	0x1803      	BTFSC      STATUS, 0
0x04D2	0x2D20      	GOTO       L_main40
;MyProject.c,105 :: 		if (porta.f3==1){f1--;delay_ms(300);}
0x04D3	0x1283      	BCF        STATUS, 5
0x04D4	0x1D85      	BTFSS      PORTA, 3
0x04D5	0x2CE8      	GOTO       L_main42
0x04D6	0x3001      	MOVLW      1
0x04D7	0x02E8      	SUBWF      _f1, 1
0x04D8	0x1C03      	BTFSS      STATUS, 0
0x04D9	0x03E9      	DECF       _f1+1, 1
0x04DA	0x3004      	MOVLW      4
0x04DB	0x00FB      	MOVWF      R11
0x04DC	0x300C      	MOVLW      12
0x04DD	0x00FC      	MOVWF      R12
0x04DE	0x3033      	MOVLW      51
0x04DF	0x00FD      	MOVWF      R13
L_main43:
0x04E0	0x0BFD      	DECFSZ     R13, 1
0x04E1	0x2CE0      	GOTO       L_main43
0x04E2	0x0BFC      	DECFSZ     R12, 1
0x04E3	0x2CE0      	GOTO       L_main43
0x04E4	0x0BFB      	DECFSZ     R11, 1
0x04E5	0x2CE0      	GOTO       L_main43
0x04E6	0x0000      	NOP
0x04E7	0x0000      	NOP
L_main42:
;MyProject.c,106 :: 		if (porta.f0==1){goto loop2;delay_ms(300);}
0x04E8	0x1C05      	BTFSS      PORTA, 0
0x04E9	0x2CF3      	GOTO       L_main44
0x04EA	0x2A1E      	GOTO       ___main_loop2
L_main45:
0x04EB	0x0BFD      	DECFSZ     R13, 1
0x04EC	0x2CEB      	GOTO       L_main45
0x04ED	0x0BFC      	DECFSZ     R12, 1
0x04EE	0x2CEB      	GOTO       L_main45
0x04EF	0x0BFB      	DECFSZ     R11, 1
0x04F0	0x2CEB      	GOTO       L_main45
0x04F1	0x0000      	NOP
0x04F2	0x0000      	NOP
L_main44:
;MyProject.c,107 :: 		if(porta.f2==1){f1++;delay_ms(300);}
0x04F3	0x1D05      	BTFSS      PORTA, 2
0x04F4	0x2D06      	GOTO       L_main46
0x04F5	0x0AE8      	INCF       _f1, 1
0x04F6	0x1903      	BTFSC      STATUS, 2
0x04F7	0x0AE9      	INCF       _f1+1, 1
0x04F8	0x3004      	MOVLW      4
0x04F9	0x00FB      	MOVWF      R11
0x04FA	0x300C      	MOVLW      12
0x04FB	0x00FC      	MOVWF      R12
0x04FC	0x3033      	MOVLW      51
0x04FD	0x00FD      	MOVWF      R13
L_main47:
0x04FE	0x0BFD      	DECFSZ     R13, 1
0x04FF	0x2CFE      	GOTO       L_main47
0x0500	0x0BFC      	DECFSZ     R12, 1
0x0501	0x2CFE      	GOTO       L_main47
0x0502	0x0BFB      	DECFSZ     R11, 1
0x0503	0x2CFE      	GOTO       L_main47
0x0504	0x0000      	NOP
0x0505	0x0000      	NOP
L_main46:
;MyProject.c,108 :: 		if (porta.f1==1){goto loopm;delay_ms(300);}
0x0506	0x1C85      	BTFSS      PORTA, 1
0x0507	0x2D11      	GOTO       L_main48
0x0508	0x2D3D      	GOTO       ___main_loopm
L_main49:
0x0509	0x0BFD      	DECFSZ     R13, 1
0x050A	0x2D09      	GOTO       L_main49
0x050B	0x0BFC      	DECFSZ     R12, 1
0x050C	0x2D09      	GOTO       L_main49
0x050D	0x0BFB      	DECFSZ     R11, 1
0x050E	0x2D09      	GOTO       L_main49
0x050F	0x0000      	NOP
0x0510	0x0000      	NOP
L_main48:
;MyProject.c,109 :: 		delay_ms(20);}
0x0511	0x3034      	MOVLW      52
0x0512	0x00FC      	MOVWF      R12
0x0513	0x30F1      	MOVLW      241
0x0514	0x00FD      	MOVWF      R13
L_main50:
0x0515	0x0BFD      	DECFSZ     R13, 1
0x0516	0x2D15      	GOTO       L_main50
0x0517	0x0BFC      	DECFSZ     R12, 1
0x0518	0x2D15      	GOTO       L_main50
0x0519	0x0000      	NOP
0x051A	0x0000      	NOP
;MyProject.c,104 :: 		for(mov=0;mov<10;mov++){
0x051B	0x1683      	BSF        STATUS, 5
0x051C	0x0AA0      	INCF       _mov, 1
0x051D	0x1903      	BTFSC      STATUS, 2
0x051E	0x0AA1      	INCF       _mov+1, 1
;MyProject.c,109 :: 		delay_ms(20);}
0x051F	0x2CC8      	GOTO       L_main39
L_main40:
;MyProject.c,110 :: 		Lcd_out(2,3," ");
0x0520	0x3002      	MOVLW      2
0x0521	0x00A2      	MOVWF      FARG_Lcd_Out_row
0x0522	0x3003      	MOVLW      3
0x0523	0x00A3      	MOVWF      FARG_Lcd_Out_column
0x0524	0x304C      	MOVLW      ?lstr1_MyProject
0x0525	0x00A4      	MOVWF      FARG_Lcd_Out_text
0x0526	0x21D3      	CALL       _Lcd_Out
;MyProject.c,111 :: 		Lcd_out(2,2," ");
0x0527	0x3002      	MOVLW      2
0x0528	0x1683      	BSF        STATUS, 5
0x0529	0x00A2      	MOVWF      FARG_Lcd_Out_row
0x052A	0x3002      	MOVLW      2
0x052B	0x00A3      	MOVWF      FARG_Lcd_Out_column
0x052C	0x3050      	MOVLW      ?lstr2_MyProject
0x052D	0x00A4      	MOVWF      FARG_Lcd_Out_text
0x052E	0x21D3      	CALL       _Lcd_Out
;MyProject.c,112 :: 		delay_ms(100);
0x052F	0x3002      	MOVLW      2
0x0530	0x00FB      	MOVWF      R11
0x0531	0x3004      	MOVLW      4
0x0532	0x00FC      	MOVWF      R12
0x0533	0x30BA      	MOVLW      186
0x0534	0x00FD      	MOVWF      R13
L_main51:
0x0535	0x0BFD      	DECFSZ     R13, 1
0x0536	0x2D35      	GOTO       L_main51
0x0537	0x0BFC      	DECFSZ     R12, 1
0x0538	0x2D35      	GOTO       L_main51
0x0539	0x0BFB      	DECFSZ     R11, 1
0x053A	0x2D35      	GOTO       L_main51
0x053B	0x0000      	NOP
;MyProject.c,113 :: 		}
0x053C	0x2C50      	GOTO       L_main32
;MyProject.c,114 :: 		for(;;){loopm:
L_main52:
___main_loopm:
;MyProject.c,115 :: 		if(x<0){x=59;}
0x053D	0x3080      	MOVLW      128
0x053E	0x0663      	XORWF      _x+1, 0
0x053F	0x00F0      	MOVWF      R0
0x0540	0x3080      	MOVLW      128
0x0541	0x0270      	SUBWF      R0, 0
0x0542	0x1D03      	BTFSS      STATUS, 2
0x0543	0x2D46      	GOTO       L__main89
0x0544	0x3000      	MOVLW      0
0x0545	0x0262      	SUBWF      _x, 0
L__main89:
0x0546	0x1803      	BTFSC      STATUS, 0
0x0547	0x2D4C      	GOTO       L_main55
0x0548	0x303B      	MOVLW      59
0x0549	0x00E2      	MOVWF      _x
0x054A	0x3000      	MOVLW      0
0x054B	0x00E3      	MOVWF      _x+1
L_main55:
;MyProject.c,116 :: 		if(x>59){x=0;}
0x054C	0x3080      	MOVLW      128
0x054D	0x00F0      	MOVWF      R0
0x054E	0x3080      	MOVLW      128
0x054F	0x0663      	XORWF      _x+1, 0
0x0550	0x0270      	SUBWF      R0, 0
0x0551	0x1D03      	BTFSS      STATUS, 2
0x0552	0x2D55      	GOTO       L__main90
0x0553	0x0862      	MOVF       _x, 0
0x0554	0x3C3B      	SUBLW      59
L__main90:
0x0555	0x1803      	BTFSC      STATUS, 0
0x0556	0x2D59      	GOTO       L_main56
0x0557	0x01E2      	CLRF       _x
0x0558	0x01E3      	CLRF       _x+1
L_main56:
;MyProject.c,117 :: 		x2=x-(x1*10);
0x0559	0x085E      	MOVF       _x1, 0
0x055A	0x00F0      	MOVWF      R0
0x055B	0x085F      	MOVF       _x1+1, 0
0x055C	0x00F1      	MOVWF      R0+1
0x055D	0x300A      	MOVLW      10
0x055E	0x00F4      	MOVWF      R4
0x055F	0x3000      	MOVLW      0
0x0560	0x00F5      	MOVWF      R4+1
0x0561	0x214E      	CALL       _Mul_16x16_U
0x0562	0x0870      	MOVF       R0, 0
0x0563	0x0262      	SUBWF      _x, 0
0x0564	0x00E0      	MOVWF      _x2
0x0565	0x0871      	MOVF       R0+1, 0
0x0566	0x1C03      	BTFSS      STATUS, 0
0x0567	0x3E01      	ADDLW      1
0x0568	0x0263      	SUBWF      _x+1, 0
0x0569	0x00E1      	MOVWF      _x2+1
;MyProject.c,118 :: 		x1=x/10;
0x056A	0x300A      	MOVLW      10
0x056B	0x00F4      	MOVWF      R4
0x056C	0x3000      	MOVLW      0
0x056D	0x00F5      	MOVWF      R4+1
0x056E	0x0862      	MOVF       _x, 0
0x056F	0x00F0      	MOVWF      R0
0x0570	0x0863      	MOVF       _x+1, 0
0x0571	0x00F1      	MOVWF      R0+1
0x0572	0x20AD      	CALL       _Div_16x16_S
0x0573	0x0870      	MOVF       R0, 0
0x0574	0x00DE      	MOVWF      _x1
0x0575	0x0871      	MOVF       R0+1, 0
0x0576	0x00DF      	MOVWF      _x1+1
;MyProject.c,119 :: 		Lcd_chr(2,9,sec[x2]);
0x0577	0x3002      	MOVLW      2
0x0578	0x1683      	BSF        STATUS, 5
0x0579	0x00A2      	MOVWF      FARG_Lcd_Chr_row
0x057A	0x3009      	MOVLW      9
0x057B	0x00A3      	MOVWF      FARG_Lcd_Chr_column
0x057C	0x1283      	BCF        STATUS, 5
0x057D	0x0860      	MOVF       _x2, 0
0x057E	0x00F0      	MOVWF      R0
0x057F	0x0861      	MOVF       _x2+1, 0
0x0580	0x00F1      	MOVWF      R0+1
0x0581	0x0DF0      	RLF        R0, 1
0x0582	0x0DF1      	RLF        R0+1, 1
0x0583	0x1070      	BCF        R0, 0
0x0584	0x0870      	MOVF       R0, 0
0x0585	0x3E20      	ADDLW      _sec
0x0586	0x0084      	MOVWF      FSR
0x0587	0x0800      	MOVF       INDF, 0
0x0588	0x1683      	BSF        STATUS, 5
0x0589	0x00A4      	MOVWF      FARG_Lcd_Chr_out_char
0x058A	0x2116      	CALL       _Lcd_Chr
;MyProject.c,120 :: 		Lcd_chr(2,8,sec1[x1]);
0x058B	0x3002      	MOVLW      2
0x058C	0x1683      	BSF        STATUS, 5
0x058D	0x00A2      	MOVWF      FARG_Lcd_Chr_row
0x058E	0x3008      	MOVLW      8
0x058F	0x00A3      	MOVWF      FARG_Lcd_Chr_column
0x0590	0x1283      	BCF        STATUS, 5
0x0591	0x085E      	MOVF       _x1, 0
0x0592	0x00F0      	MOVWF      R0
0x0593	0x085F      	MOVF       _x1+1, 0
0x0594	0x00F1      	MOVWF      R0+1
0x0595	0x0DF0      	RLF        R0, 1
0x0596	0x0DF1      	RLF        R0+1, 1
0x0597	0x1070      	BCF        R0, 0
0x0598	0x0870      	MOVF       R0, 0
0x0599	0x3E34      	ADDLW      _sec1
0x059A	0x0084      	MOVWF      FSR
0x059B	0x0800      	MOVF       INDF, 0
0x059C	0x1683      	BSF        STATUS, 5
0x059D	0x00A4      	MOVWF      FARG_Lcd_Chr_out_char
0x059E	0x2116      	CALL       _Lcd_Chr
;MyProject.c,121 :: 		for(mov=0;mov<10;mov++){
0x059F	0x1683      	BSF        STATUS, 5
0x05A0	0x01A0      	CLRF       _mov
0x05A1	0x01A1      	CLRF       _mov+1
L_main57:
0x05A2	0x3080      	MOVLW      128
0x05A3	0x0621      	XORWF      _mov+1, 0
0x05A4	0x00F0      	MOVWF      R0
0x05A5	0x3080      	MOVLW      128
0x05A6	0x0270      	SUBWF      R0, 0
0x05A7	0x1D03      	BTFSS      STATUS, 2
0x05A8	0x2DAB      	GOTO       L__main91
0x05A9	0x300A      	MOVLW      10
0x05AA	0x0220      	SUBWF      _mov, 0
L__main91:
0x05AB	0x1803      	BTFSC      STATUS, 0
0x05AC	0x2DF6      	GOTO       L_main58
;MyProject.c,122 :: 		if (porta.f3==1){x--;delay_ms(250);}
0x05AD	0x1283      	BCF        STATUS, 5
0x05AE	0x1D85      	BTFSS      PORTA, 3
0x05AF	0x2DC2      	GOTO       L_main60
0x05B0	0x3001      	MOVLW      1
0x05B1	0x02E2      	SUBWF      _x, 1
0x05B2	0x1C03      	BTFSS      STATUS, 0
0x05B3	0x03E3      	DECF       _x+1, 1
0x05B4	0x3003      	MOVLW      3
0x05B5	0x00FB      	MOVWF      R11
0x05B6	0x308A      	MOVLW      138
0x05B7	0x00FC      	MOVWF      R12
0x05B8	0x3055      	MOVLW      85
0x05B9	0x00FD      	MOVWF      R13
L_main61:
0x05BA	0x0BFD      	DECFSZ     R13, 1
0x05BB	0x2DBA      	GOTO       L_main61
0x05BC	0x0BFC      	DECFSZ     R12, 1
0x05BD	0x2DBA      	GOTO       L_main61
0x05BE	0x0BFB      	DECFSZ     R11, 1
0x05BF	0x2DBA      	GOTO       L_main61
0x05C0	0x0000      	NOP
0x05C1	0x0000      	NOP
L_main60:
;MyProject.c,123 :: 		if (porta.f0==1){goto loop2;delay_ms(200);}
0x05C2	0x1C05      	BTFSS      PORTA, 0
0x05C3	0x2DCB      	GOTO       L_main62
0x05C4	0x2A1E      	GOTO       ___main_loop2
L_main63:
0x05C5	0x0BFD      	DECFSZ     R13, 1
0x05C6	0x2DC5      	GOTO       L_main63
0x05C7	0x0BFC      	DECFSZ     R12, 1
0x05C8	0x2DC5      	GOTO       L_main63
0x05C9	0x0BFB      	DECFSZ     R11, 1
0x05CA	0x2DC5      	GOTO       L_main63
L_main62:
;MyProject.c,124 :: 		if (porta.f1==1){goto looph;delay_ms(200);}
0x05CB	0x1C85      	BTFSS      PORTA, 1
0x05CC	0x2DD4      	GOTO       L_main64
0x05CD	0x2C50      	GOTO       ___main_looph
L_main65:
0x05CE	0x0BFD      	DECFSZ     R13, 1
0x05CF	0x2DCE      	GOTO       L_main65
0x05D0	0x0BFC      	DECFSZ     R12, 1
0x05D1	0x2DCE      	GOTO       L_main65
0x05D2	0x0BFB      	DECFSZ     R11, 1
0x05D3	0x2DCE      	GOTO       L_main65
L_main64:
;MyProject.c,125 :: 		if(porta.f2==1){x++;delay_ms(250);}
0x05D4	0x1D05      	BTFSS      PORTA, 2
0x05D5	0x2DE7      	GOTO       L_main66
0x05D6	0x0AE2      	INCF       _x, 1
0x05D7	0x1903      	BTFSC      STATUS, 2
0x05D8	0x0AE3      	INCF       _x+1, 1
0x05D9	0x3003      	MOVLW      3
0x05DA	0x00FB      	MOVWF      R11
0x05DB	0x308A      	MOVLW      138
0x05DC	0x00FC      	MOVWF      R12
0x05DD	0x3055      	MOVLW      85
0x05DE	0x00FD      	MOVWF      R13
L_main67:
0x05DF	0x0BFD      	DECFSZ     R13, 1
0x05E0	0x2DDF      	GOTO       L_main67
0x05E1	0x0BFC      	DECFSZ     R12, 1
0x05E2	0x2DDF      	GOTO       L_main67
0x05E3	0x0BFB      	DECFSZ     R11, 1
0x05E4	0x2DDF      	GOTO       L_main67
0x05E5	0x0000      	NOP
0x05E6	0x0000      	NOP
L_main66:
;MyProject.c,126 :: 		delay_ms(20);}
0x05E7	0x3034      	MOVLW      52
0x05E8	0x00FC      	MOVWF      R12
0x05E9	0x30F1      	MOVLW      241
0x05EA	0x00FD      	MOVWF      R13
L_main68:
0x05EB	0x0BFD      	DECFSZ     R13, 1
0x05EC	0x2DEB      	GOTO       L_main68
0x05ED	0x0BFC      	DECFSZ     R12, 1
0x05EE	0x2DEB      	GOTO       L_main68
0x05EF	0x0000      	NOP
0x05F0	0x0000      	NOP
;MyProject.c,121 :: 		for(mov=0;mov<10;mov++){
0x05F1	0x1683      	BSF        STATUS, 5
0x05F2	0x0AA0      	INCF       _mov, 1
0x05F3	0x1903      	BTFSC      STATUS, 2
0x05F4	0x0AA1      	INCF       _mov+1, 1
;MyProject.c,126 :: 		delay_ms(20);}
0x05F5	0x2DA2      	GOTO       L_main57
L_main58:
;MyProject.c,127 :: 		Lcd_out(2,9," ");
0x05F6	0x3002      	MOVLW      2
0x05F7	0x00A2      	MOVWF      FARG_Lcd_Out_row
0x05F8	0x3009      	MOVLW      9
0x05F9	0x00A3      	MOVWF      FARG_Lcd_Out_column
0x05FA	0x3054      	MOVLW      ?lstr3_MyProject
0x05FB	0x00A4      	MOVWF      FARG_Lcd_Out_text
0x05FC	0x21D3      	CALL       _Lcd_Out
;MyProject.c,128 :: 		Lcd_out(2,8," ");
0x05FD	0x3002      	MOVLW      2
0x05FE	0x1683      	BSF        STATUS, 5
0x05FF	0x00A2      	MOVWF      FARG_Lcd_Out_row
0x0600	0x3008      	MOVLW      8
0x0601	0x00A3      	MOVWF      FARG_Lcd_Out_column
0x0602	0x3052      	MOVLW      ?lstr4_MyProject
0x0603	0x00A4      	MOVWF      FARG_Lcd_Out_text
0x0604	0x21D3      	CALL       _Lcd_Out
;MyProject.c,130 :: 		delay_ms(100);
0x0605	0x3002      	MOVLW      2
0x0606	0x00FB      	MOVWF      R11
0x0607	0x3004      	MOVLW      4
0x0608	0x00FC      	MOVWF      R12
0x0609	0x30BA      	MOVLW      186
0x060A	0x00FD      	MOVWF      R13
L_main69:
0x060B	0x0BFD      	DECFSZ     R13, 1
0x060C	0x2E0B      	GOTO       L_main69
0x060D	0x0BFC      	DECFSZ     R12, 1
0x060E	0x2E0B      	GOTO       L_main69
0x060F	0x0BFB      	DECFSZ     R11, 1
0x0610	0x2E0B      	GOTO       L_main69
0x0611	0x0000      	NOP
;MyProject.c,131 :: 		}
0x0612	0x2D3D      	GOTO       L_main52
;MyProject.c,136 :: 		}
L_end_main:
0x0613	0x2E13      	GOTO       $+0
; end of _main
0x0654	0x3020      	MOVLW      32
0x0655	0x0084      	MOVWF      FSR
0x0656	0x303A      	MOVLW      58
0x0657	0x1283      	BCF        STATUS, 5
0x0658	0x1303      	BCF        STATUS, 6
0x0659	0x00F0      	MOVWF      R0
0x065A	0x3019      	MOVLW      25
0x065B	0x00E4      	MOVWF      ___DoICPAddr
0x065C	0x3006      	MOVLW      6
0x065D	0x00E5      	MOVWF      101
0x065E	0x2179      	CALL       377
0x065F	0x0008      	RETURN
;MyProject.c,0 :: ?ICS_sec
0x0619	0x3430 ;?ICS_sec+0
0x061A	0x3400 ;?ICS_sec+1
0x061B	0x3431 ;?ICS_sec+2
0x061C	0x3400 ;?ICS_sec+3
0x061D	0x3432 ;?ICS_sec+4
0x061E	0x3400 ;?ICS_sec+5
0x061F	0x3433 ;?ICS_sec+6
0x0620	0x3400 ;?ICS_sec+7
0x0621	0x3434 ;?ICS_sec+8
0x0622	0x3400 ;?ICS_sec+9
0x0623	0x3435 ;?ICS_sec+10
0x0624	0x3400 ;?ICS_sec+11
0x0625	0x3436 ;?ICS_sec+12
0x0626	0x3400 ;?ICS_sec+13
0x0627	0x3437 ;?ICS_sec+14
0x0628	0x3400 ;?ICS_sec+15
0x0629	0x3438 ;?ICS_sec+16
0x062A	0x3400 ;?ICS_sec+17
0x062B	0x3439 ;?ICS_sec+18
0x062C	0x3400 ;?ICS_sec+19
; end of ?ICS_sec
;MyProject.c,0 :: ?ICS_sec1
0x062D	0x3430 ;?ICS_sec1+0
0x062E	0x3400 ;?ICS_sec1+1
0x062F	0x3431 ;?ICS_sec1+2
0x0630	0x3400 ;?ICS_sec1+3
0x0631	0x3432 ;?ICS_sec1+4
0x0632	0x3400 ;?ICS_sec1+5
0x0633	0x3433 ;?ICS_sec1+6
0x0634	0x3400 ;?ICS_sec1+7
0x0635	0x3434 ;?ICS_sec1+8
0x0636	0x3400 ;?ICS_sec1+9
0x0637	0x3435 ;?ICS_sec1+10
0x0638	0x3400 ;?ICS_sec1+11
; end of ?ICS_sec1
;MyProject.c,0 :: ?ICS_txt4
0x0639	0x3448 ;?ICS_txt4+0
0x063A	0x3400 ;?ICS_txt4+1
; end of ?ICS_txt4
;MyProject.c,0 :: ?ICS_txt1
0x063B	0x343A ;?ICS_txt1+0
0x063C	0x3400 ;?ICS_txt1+1
; end of ?ICS_txt1
;MyProject.c,0 :: ?ICS_txt2
0x063D	0x344D ;?ICS_txt2+0
0x063E	0x3469 ;?ICS_txt2+1
0x063F	0x346E ;?ICS_txt2+2
0x0640	0x3400 ;?ICS_txt2+3
; end of ?ICS_txt2
;MyProject.c,0 :: ?ICS_txt3
0x0641	0x3453 ;?ICS_txt3+0
0x0642	0x3445 ;?ICS_txt3+1
0x0643	0x3443 ;?ICS_txt3+2
0x0644	0x3400 ;?ICS_txt3+3
; end of ?ICS_txt3
;MyProject.c,0 :: ?ICS?lstr1_MyProject
0x0645	0x3420 ;?ICS?lstr1_MyProject+0
0x0646	0x3400 ;?ICS?lstr1_MyProject+1
; end of ?ICS?lstr1_MyProject
;MyProject.c,0 :: ?ICS_l
0x0647	0x3400 ;?ICS_l+0
0x0648	0x3400 ;?ICS_l+1
; end of ?ICS_l
;MyProject.c,0 :: ?ICS?lstr2_MyProject
0x0649	0x3420 ;?ICS?lstr2_MyProject+0
0x064A	0x3400 ;?ICS?lstr2_MyProject+1
; end of ?ICS?lstr2_MyProject
;MyProject.c,0 :: ?ICS?lstr4_MyProject
0x064B	0x3420 ;?ICS?lstr4_MyProject+0
0x064C	0x3400 ;?ICS?lstr4_MyProject+1
; end of ?ICS?lstr4_MyProject
;MyProject.c,0 :: ?ICS?lstr3_MyProject
0x064D	0x3420 ;?ICS?lstr3_MyProject+0
0x064E	0x3400 ;?ICS?lstr3_MyProject+1
; end of ?ICS?lstr3_MyProject
;MyProject.c,0 :: ?ICS_m
0x064F	0x3400 ;?ICS_m+0
0x0650	0x3400 ;?ICS_m+1
; end of ?ICS_m
;MyProject.c,0 :: ?ICS_k
0x0651	0x3400 ;?ICS_k+0
0x0652	0x3400 ;?ICS_k+1
; end of ?ICS_k
Symbol List:
//** Routines locations **
//ADDRESS    SIZE    PROCEDURE
//----------------------------------------------
0x0003       [3]    _Delay_1us
0x0006       [7]    _Delay_50us
0x000D      [13]    _Delay_5500us
0x001A      [87]    _Lcd_Cmd
0x0071      [44]    _Div_16x16_S_L
0x009D       [9]    _Lcd_Chr_CP
0x00A6       [7]    _____DoICP
0x00AD     [105]    _Div_16x16_S
0x0116      [56]    _Lcd_Chr
0x014E      [43]    _Mul_16x16_U
0x0179      [12]    ___CC2DW
0x0185      [78]    _Lcd_Init
0x01D3      [68]    _Lcd_Out
0x0217    [1020]    _main
//** Variables locations ** 
//ADDRESS    SIZE    VARIABLE
//----------------------------------------------
0x0000       [1]    INDF
0x0002       [1]    PCL
0x0003       [1]    STATUS
0x0004       [1]    FSR
0x0005       [1]    PORTA
0x0006       [0]    RB3_bit
0x0006       [0]    RB4_bit
0x0006       [0]    LCD_D4
0x0006       [0]    LCD_D7
0x0006       [0]    LCD_RS
0x0006       [0]    LCD_D5
0x0006       [0]    RB5_bit
0x0006       [0]    RB0_bit
0x0006       [0]    LCD_EN
0x0006       [0]    RB2_bit
0x0006       [0]    RB1_bit
0x0006       [0]    LCD_D6
0x000A       [1]    PCLATH
0x0020      [20]    _sec
0x0034      [12]    _sec1
0x0040       [2]    _txt4
0x0042       [2]    _txt1
0x0044       [4]    _txt2
0x0048       [4]    _txt3
0x004C       [2]    ?lstr1_MyProject
0x004E       [2]    _l
0x0050       [2]    ?lstr2_MyProject
0x0052       [2]    ?lstr4_MyProject
0x0054       [2]    ?lstr3_MyProject
0x0056       [2]    _m
0x0058       [2]    _k
0x005A       [2]    _xh2
0x005C       [2]    _d1
0x005E       [2]    _x1
0x0060       [2]    _x2
0x0062       [2]    _x
0x0064       [2]    ___DoICPAddr
0x0066       [2]    _xh1
0x0068       [2]    _f1
0x006A       [0]    __Lib_Lcd_cmd_status
0x006B       [2]    _h
0x006D       [2]    _i
0x006F       [1]    Lcd_Out_i_L0
0x0070       [1]    R0
0x0071       [1]    R1
0x0072       [1]    R2
0x0073       [1]    R3
0x0074       [1]    R4
0x0075       [1]    R5
0x0076       [1]    R6
0x0077       [1]    R7
0x0078       [1]    R8
0x0079       [1]    R9
0x007A       [1]    R10
0x007B       [1]    R11
0x007C       [1]    R12
0x007D       [1]    R13
0x007E       [1]    R14
0x007F       [1]    R15
0x0085       [1]    TRISA
0x0086       [0]    TRISB5_bit
0x0086       [0]    TRISB4_bit
0x0086       [0]    TRISB1_bit
0x0086       [0]    TRISB0_bit
0x0086       [0]    TRISB3_bit
0x0086       [0]    TRISB2_bit
0x0086       [0]    LCD_D5_Direction
0x0086       [0]    LCD_D4_Direction
0x0086       [0]    LCD_D7_Direction
0x0086       [0]    LCD_D6_Direction
0x0086       [0]    LCD_RS_Direction
0x0086       [0]    LCD_EN_Direction
0x009F       [1]    ADCON1
0x00A0       [2]    _mov
0x00A2       [1]    FARG_Lcd_Out_row
0x00A2       [1]    FARG_Lcd_Chr_row
0x00A3       [1]    FARG_Lcd_Chr_column
0x00A3       [1]    FARG_Lcd_Out_column
0x00A4       [1]    FARG_Lcd_Chr_out_char
0x00A4       [1]    FARG_Lcd_Out_text
0x00A5       [1]    FARG_Lcd_Chr_CP_out_char
0x00A6       [1]    FARG_Lcd_Cmd_out_char
//** Constants locations ** 
//ADDRESS    SIZE    CONSTANT
//----------------------------------------------
0x0619      [20]    ?ICS_sec
0x062D      [12]    ?ICS_sec1
0x0639       [2]    ?ICS_txt4
0x063B       [2]    ?ICS_txt1
0x063D       [4]    ?ICS_txt2
0x0641       [4]    ?ICS_txt3
0x0645       [2]    ?ICS?lstr1_MyProject
0x0647       [2]    ?ICS_l
0x0649       [2]    ?ICS?lstr2_MyProject
0x064B       [2]    ?ICS?lstr4_MyProject
0x064D       [2]    ?ICS?lstr3_MyProject
0x064F       [2]    ?ICS_m
0x0651       [2]    ?ICS_k
//** Label List: ** 
//----------------------------------------------
  ___main_loop2
  L_main0
  L_main1
  L_main2
  L_main3
  L_main4
  L_main5
  L_main6
  L_main7
  L_main8
  L_main9
  L_main10
  L_main11
  L_main12
  L_main13
  L_main14
  L_main15
  L_main16
  L_main17
  L_main18
  L_main19
  L_main20
  L_main21
  ___main_loop1
  L_main22
  L_main23
  L_main24
  L_main25
  L_main26
  L_main27
  ___main_looph
  L_main28
  L_main29
  L_main30
  L_main31
  L_main32
  L_main33
  L_main34
  L_main35
  L_main36
  L_main37
  L_main38
  L_main39
  L_main40
  L_main41
  L_main42
  L_main43
  L_main44
  L_main45
  L_main46
  L_main47
  L_main48
  ___main_loopm
  L_main49
  L_main50
  L_main51
  L_main52
  L_main53
  L_main54
  L_main55
  L_main56
  L_main57
  L_main58
  L_main59
  L_main60
  L_main61
  L_main62
  L_main63
  L_main64
  L_main65
  L_main66
  L_main67
  L_main68
  L_main69
  L_end_main
  _main
  L__main71
  L__main72
  L__main73
  L__main74
  L__main75
  L__main76
  L__main77
  L__main78
  L__main79
  L__main80
  L__main81
  L__main82
  L__main83
  L__main84
  L__main85
  L__main86
  L__main87
  L__main88
  L__main89
  L__main90
  L__main91
  L_Delay_10us0
  L_Delay_22us1
  L_Delay_50us2
  L_Delay_80us3
  L_Delay_500us4
  L_Delay_5500us5
  L_Delay_1ms6
  L_Delay_5ms7
  L_Delay_8ms8
  L_Delay_10ms9
  L_Delay_100ms10
  L_Delay_1sec11
  L_boot16_Delay_5ms12
  L_Delay_Cyc13
  L_Delay_Cyc14
  L_VDelay_ms15
  L_VDelay_ms16
  L_VDelay_ms17
  L_VDelay_Advanced_ms18
  L_VDelay_Advanced_ms19
  L_VDelay_Advanced_ms20
  L_end_Get_Fosc_kHz
  _Get_Fosc_kHz
  L_end_Delay_1us
  _Delay_1us
  L_end_Delay_10us
  _Delay_10us
  L_end_Delay_22us
  _Delay_22us
  L_end_Delay_50us
  _Delay_50us
  L_end_Delay_80us
  _Delay_80us
  L_end_Delay_500us
  _Delay_500us
  L_end_Delay_5500us
  _Delay_5500us
  L_end_Delay_1ms
  _Delay_1ms
  L_end_Delay_5ms
  _Delay_5ms
  L_end_Delay_8ms
  _Delay_8ms
  L_end_Delay_10ms
  _Delay_10ms
  L_end_Delay_100ms
  _Delay_100ms
  L_end_Delay_1sec
  _Delay_1sec
  L_end_boot16_Delay_5ms
  _boot16_Delay_5ms
  L_end_Delay_Cyc
  _Delay_Cyc
  L_end_VDelay_ms
  _VDelay_ms
  L__VDelay_ms38
  L__VDelay_ms39
  L__VDelay_ms40
  L_end_VDelay_Advanced_ms
  _VDelay_Advanced_ms
  L__VDelay_Advanced_ms42
  L__VDelay_Advanced_ms43
  L__VDelay_Advanced_ms44
  L_Lcd_Cmd0
  L_Lcd_Cmd1
  L_Lcd_Out_CP2
  L_Lcd_Out_CP3
  L_Lcd_Chr4
  L_Lcd_Chr5
  L_Lcd_Chr6
  L_Lcd_Chr7
  L_Lcd_Chr8
  L_Lcd_Chr9
  L_Lcd_Chr10
  L_Lcd_Out11
  L_Lcd_Out12
  L_Lcd_Out13
  L_Lcd_Out14
  L_Lcd_Out15
  L_Lcd_Out16
  L_Lcd_Out17
  L_Lcd_Out18
  L_Lcd_Out19
  L_end_Lcd_Cmd
  _Lcd_Cmd
  L__Lcd_Cmd21
  L__Lcd_Cmd22
  L__Lcd_Cmd23
  L__Lcd_Cmd24
  L__Lcd_Cmd25
  L__Lcd_Cmd26
  L__Lcd_Cmd27
  L__Lcd_Cmd28
  L__Lcd_Cmd29
  L__Lcd_Cmd30
  L__Lcd_Cmd31
  L__Lcd_Cmd32
  L__Lcd_Cmd33
  L__Lcd_Cmd34
  L__Lcd_Cmd35
  L__Lcd_Cmd36
  L__Lcd_Cmd37
  L__Lcd_Cmd38
  L__Lcd_Cmd39
  L__Lcd_Cmd40
  L_end_Lcd_Chr_CP
  _Lcd_Chr_CP
  L_end_Lcd_Out_CP
  _Lcd_Out_CP
  L_end_Lcd_Chr
  _Lcd_Chr
  L_end_Lcd_Init
  _Lcd_Init
  L_end_Lcd_Out
  _Lcd_Out
  L_Div_16x16_S0
  L_Div_16x16_S1
  LOOPS3232A
  SADD22LA
  SOK22LA
  SADD22L8
  SOK22L8
  LOOPS3232B
  SADD22LB
  SOK22LB
  SADD22L16
  SOK22L16
  LOOPS3232C
  SADD22LC
  SOK22LC
  SADD22L24
  SOK22L24
  LOOPS3232D
  SADD22LD
  SOK22LD
  SOK22L
  L_Div_32x32_S6
  L_Div_32x32_S7
  L_Div_32x32_S8
  L_Div_32x32_S9
  FXD3232S
  END_ALL
  CA3232S
  C3232SX
  C3232SX1
  C3232S
  C3232S2
  C3232SX4
  C3232SOK
  C3232SX3
  C3232SX2
  avoid_comfrem
  LOOPU3232A
  UADD22LA
  UOK22LA
  UADD22L8
  UOK22L8
  LOOPU3232B
  UADD22LB
  UOK22LB
  UADD22L16
  UOK22L16
  LOOPU3232C
  UADD22LC
  UOK22LC
  UADD22L24
  UOK22L24
  LOOPU3232D
  UADD22LD
  UOK22LD
  UOK22L
  _NEXT
  _EXIT2
  _LOOP
  _EXIT1
  _IF_FIRST
  _IF_SECOND
  _INVERCE_FIRST
  _MULT
  _INBERSE_SECOND
  _EXIT
  L_end_Mul_8x8_U
  _Mul_8x8_U
  L_end_Mul_16x16_U
  _Mul_16x16_U
  L_end_Div_8x8_U
  _Div_8x8_U
  L_end_Div_16x16_U
  _Div_16x16_U
  L_end_Mul_8x8_S
  _Mul_8x8_S
  L_end_Mul_16x16_S
  _Mul_16x16_S
  L_end_Div_16x16_S_L
  _Div_16x16_S_L
  L_end_Div_16x16_S
  _Div_16x16_S
  L_end_Div_8x8_S
  _Div_8x8_S
  L_end_SDIV3232L
  _SDIV3232L
  L_end_COMFREM
  _COMFREM
  L_end_Div_32x32_S
  _Div_32x32_S
  L_end_Div_32x32_U
  _Div_32x32_U
  L_end_Mul_32x32_U
  _Mul_32x32_U
  L_end_Mul_32x32_S
  _Mul_32x32_S
  L_loopCA2AWs
  L_CA2AWend
  _CCA2AW_Loop1
  L_loopCS2Ss
  L_CS2Send
  _CCS2S_Loop1
  L_CCS2Send
  L_loopFZinSWs
  L_FZinSend
  _CC2D_Loop1
  L_end_____DoICP
  _____DoICP
  L_end_____DoIFC
  _____DoIFC
  L_end___CA2AW
  ___CA2AW
  L_end___CCA2AW
  ___CCA2AW
  L_end___CS2S
  ___CS2S
  L_end___CCS2S
  ___CCS2S
  L_end___FZinS
  ___FZinS
  L_end___CC2DW
  ___CC2DW
  L_end_Swap
  _Swap
